-------------------------------------------------------------------------------
Test set: com.phoenixhell.test.AopTest
-------------------------------------------------------------------------------
Tests run: 1, Failures: 0, Errors: 1, Skipped: 0, Time elapsed: 8.715 s <<< FAILURE! - in com.phoenixhell.test.AopTest
test1  Time elapsed: 0.298 s  <<< ERROR!
java.lang.ArithmeticException: / by zero
	at com.phoenixhell.test.AopTest.test1(AopTest.java:24)

