<?xml version="1.0" encoding="UTF-8"?>
<testsuite xmlns:xsi="http://www.w3.org/2001/XMLSchema-instance" xsi:noNamespaceSchemaLocation="https://maven.apache.org/surefire/maven-surefire-plugin/xsd/surefire-test-report.xsd" name="com.phoenixhell.test.AopTest" time="8.715" tests="1" errors="1" skipped="0" failures="0">
  <properties>
[...]
</properties>
  <testcase name="test1" classname="com.phoenixhell.test.AopTest" time="0.298">
    <error message="/ by zero" type="java.lang.ArithmeticException">java.lang.ArithmeticException: / by zero
	at com.phoenixhell.test.AopTest.test1(AopTest.java:24)
</error>
    <system-out><![CDATA[11:23:05.573 [main] DEBUG org.springframework.test.context.BootstrapUtils - Instantiating CacheAwareContextLoaderDelegate from class [org.springframework.test.context.cache.DefaultCacheAwareContextLoaderDelegate]
11:23:05.590 [main] DEBUG org.springframework.test.context.BootstrapUtils - Instantiating BootstrapContext using constructor [public org.springframework.test.context.support.DefaultBootstrapContext(java.lang.Class,org.springframework.test.context.CacheAwareContextLoaderDelegate)]
11:23:05.619 [main] DEBUG org.springframework.test.context.BootstrapUtils - Instantiating TestContextBootstrapper for test class [com.phoenixhell.test.AopTest] from class [org.springframework.boot.test.context.SpringBootTestContextBootstrapper]
11:23:05.647 [main] INFO org.springframework.boot.test.context.SpringBootTestContextBootstrapper - Neither @ContextConfiguration nor @ContextHierarchy found for test class [com.phoenixhell.test.AopTest], using SpringBootContextLoader
11:23:05.650 [main] DEBUG org.springframework.test.context.support.AbstractContextLoader - Did not detect default resource location for test class [com.phoenixhell.test.AopTest]: class path resource [com/phoenixhell/test/AopTest-context.xml] does not exist
11:23:05.651 [main] DEBUG org.springframework.test.context.support.AbstractContextLoader - Did not detect default resource location for test class [com.phoenixhell.test.AopTest]: class path resource [com/phoenixhell/test/AopTestContext.groovy] does not exist
11:23:05.651 [main] INFO org.springframework.test.context.support.AbstractContextLoader - Could not detect default resource locations for test class [com.phoenixhell.test.AopTest]: no resource found for suffixes {-context.xml, Context.groovy}.
11:23:05.703 [main] DEBUG org.springframework.test.context.support.ActiveProfilesUtils - Could not find an 'annotation declaring class' for annotation type [org.springframework.test.context.ActiveProfiles] and class [com.phoenixhell.test.AopTest]
11:23:05.865 [main] DEBUG org.springframework.boot.test.context.SpringBootTestContextBootstrapper - @TestExecutionListeners is not present for class [com.phoenixhell.test.AopTest]: using defaults.
11:23:05.865 [main] INFO org.springframework.boot.test.context.SpringBootTestContextBootstrapper - Loaded default TestExecutionListener class names from location [META-INF/spring.factories]: [org.springframework.boot.test.mock.mockito.MockitoTestExecutionListener, org.springframework.boot.test.mock.mockito.ResetMocksTestExecutionListener, org.springframework.boot.test.autoconfigure.restdocs.RestDocsTestExecutionListener, org.springframework.boot.test.autoconfigure.web.client.MockRestServiceServerResetTestExecutionListener, org.springframework.boot.test.autoconfigure.web.servlet.MockMvcPrintOnlyOnFailureTestExecutionListener, org.springframework.boot.test.autoconfigure.web.servlet.WebDriverTestExecutionListener, org.springframework.boot.test.autoconfigure.webservices.client.MockWebServiceServerTestExecutionListener, org.springframework.test.context.web.ServletTestExecutionListener, org.springframework.test.context.support.DirtiesContextBeforeModesTestExecutionListener, org.springframework.test.context.support.DependencyInjectionTestExecutionListener, org.springframework.test.context.support.DirtiesContextTestExecutionListener, org.springframework.test.context.transaction.TransactionalTestExecutionListener, org.springframework.test.context.jdbc.SqlScriptsTestExecutionListener, org.springframework.test.context.event.EventPublishingTestExecutionListener]
11:23:05.881 [main] INFO org.springframework.boot.test.context.SpringBootTestContextBootstrapper - Using TestExecutionListeners: [org.springframework.test.context.web.ServletTestExecutionListener@4c60d6e9, org.springframework.test.context.support.DirtiesContextBeforeModesTestExecutionListener@15043a2f, org.springframework.boot.test.mock.mockito.MockitoTestExecutionListener@4a83a74a, org.springframework.boot.test.autoconfigure.SpringBootDependencyInjectionTestExecutionListener@1349883, org.springframework.test.context.support.DirtiesContextTestExecutionListener@4b29d1d2, org.springframework.test.context.transaction.TransactionalTestExecutionListener@7f485fda, org.springframework.test.context.jdbc.SqlScriptsTestExecutionListener@28261e8e, org.springframework.test.context.event.EventPublishingTestExecutionListener@d737b89, org.springframework.boot.test.mock.mockito.ResetMocksTestExecutionListener@8519cb4, org.springframework.boot.test.autoconfigure.restdocs.RestDocsTestExecutionListener@35dab4eb, org.springframework.boot.test.autoconfigure.web.client.MockRestServiceServerResetTestExecutionListener@2d901eb0, org.springframework.boot.test.autoconfigure.web.servlet.MockMvcPrintOnlyOnFailureTestExecutionListener@3ba987b8, org.springframework.boot.test.autoconfigure.web.servlet.WebDriverTestExecutionListener@3f191845, org.springframework.boot.test.autoconfigure.webservices.client.MockWebServiceServerTestExecutionListener@5f049ea1]
11:23:05.884 [main] DEBUG org.springframework.test.context.support.AbstractDirtiesContextTestExecutionListener - Before test class: context [DefaultTestContext@16eb3ea3 testClass = AopTest, testInstance = [null], testMethod = [null], testException = [null], mergedContextConfiguration = [WebMergedContextConfiguration@273444fe testClass = AopTest, locations = '{}', classes = '{class com.phoenixhell.boot.MainApplication, class com.phoenixhell.boot.MainApplication}', contextInitializerClasses = '[]', activeProfiles = '{}', propertySourceLocations = '{}', propertySourceProperties = '{org.springframework.boot.test.context.SpringBootTestContextBootstrapper=true}', contextCustomizers = set[org.springframework.boot.test.context.filter.ExcludeFilterContextCustomizer@3349e9bb, org.springframework.boot.test.json.DuplicateJsonObjectContextCustomizerFactory$DuplicateJsonObjectContextCustomizer@49e53c76, org.springframework.boot.test.mock.mockito.MockitoContextCustomizer@0, org.springframework.boot.test.web.client.TestRestTemplateContextCustomizer@1aafa419, org.springframework.boot.test.autoconfigure.properties.PropertyMappingContextCustomizer@0, org.springframework.boot.test.autoconfigure.web.servlet.WebDriverContextCustomizerFactory$Customizer@6771beb3, org.springframework.boot.test.context.SpringBootTestArgs@1], resourceBasePath = 'src/main/webapp', contextLoader = 'org.springframework.boot.test.context.SpringBootContextLoader', parent = [null]], attributes = map['org.springframework.test.context.web.ServletTestExecutionListener.activateListener' -> true]], class annotated with @DirtiesContext [false] with mode [null].
11:23:05.919 [main] DEBUG org.springframework.test.context.support.TestPropertySourceUtils - Adding inlined properties to environment: {spring.jmx.enabled=false, org.springframework.boot.test.context.SpringBootTestContextBootstrapper=true}
MyApplicationListener onApplicationEvent-----------startorg.springframework.boot.context.event.ApplicationStartingEvent[source=org.springframework.boot.SpringApplication@2e570ded]
MyApplicationListener onApplicationEvent-----------startorg.springframework.boot.context.event.ApplicationEnvironmentPreparedEvent[source=org.springframework.boot.SpringApplication@2e570ded]
MySpringApplicationRunListener environmentPrepared-------

  .   ____          _            __ _ _
 /\\ / ___'_ __ _ _(_)_ __  __ _ \ \ \ \
( ( )\___ | '_ | '_| | '_ \/ _` | \ \ \ \
 \\/  ___)| |_)| | | | | || (_| |  ) ) ) )
  '  |____| .__|_| |_|_| |_\__, | / / / /
 =========|_|==============|___/=/_/_/_/
 :: Spring Boot ::        (v2.3.4.RELEASE)

MyApplicationContextInitializer initialize------------------start
MyApplicationListener onApplicationEvent-----------startorg.springframework.boot.context.event.ApplicationContextInitializedEvent[source=org.springframework.boot.SpringApplication@2e570ded]
MySpringApplicationRunListener contextPrepared-------
2021-01-21 11:23:06.419 INFO 5316 --- [           main] com.phoenixhell.test.AopTest             : Starting AopTest on director-office with PID 5316 (started by Administrator in E:\maven\SpringBoot)
2021-01-21 11:23:06.421 INFO 5316 --- [           main] com.phoenixhell.test.AopTest             : The following profiles are active: prod
MyApplicationListener onApplicationEvent-----------startorg.springframework.boot.context.event.ApplicationPreparedEvent[source=org.springframework.boot.SpringApplication@2e570ded]
MySpringApplicationRunListener contextLoaded-------
postProcessBeanDefinitionRegistry_____________________before postProcessBeanFactory 
postProcessBeanFactory in postProcessBeanDefinitionRegistry  
beanFactory******************
2021-01-21 11:23:08.246 INFO 5316 --- [           main] trationDelegate$BeanPostProcessorChecker : Bean 'com.alibaba.druid.spring.boot.autoconfigure.stat.DruidSpringAopConfiguration' of type [com.alibaba.druid.spring.boot.autoconfigure.stat.DruidSpringAopConfiguration] is not eligible for getting processed by all BeanPostProcessors (for example: not eligible for auto-proxying)
2021-01-21 11:23:08.656 INFO 5316 --- [           main] trationDelegate$BeanPostProcessorChecker : Bean 'spring.datasource.druid-com.alibaba.druid.spring.boot.autoconfigure.properties.DruidStatProperties' of type [com.alibaba.druid.spring.boot.autoconfigure.properties.DruidStatProperties] is not eligible for getting processed by all BeanPostProcessors (for example: not eligible for auto-proxying)
2021-01-21 11:23:08.672 INFO 5316 --- [           main] trationDelegate$BeanPostProcessorChecker : Bean 'advisor' of type [org.springframework.aop.support.RegexpMethodPointcutAdvisor] is not eligible for getting processed by all BeanPostProcessors (for example: not eligible for auto-proxying)
postProcessBeforeInitialization>>>>>>>>>>>>>>>>>>>class com.phoenixhell.boot.MainApplication$$EnhancerBySpringCGLIB$$bbf440bc
postProcessAfterInitialization<<<<<<<<<<<<<<<<<class com.phoenixhell.boot.MainApplication$$EnhancerBySpringCGLIB$$438ed7c7
postProcessBeforeInitialization>>>>>>>>>>>>>>>>>>>class com.phoenixhell.boot.actualtor.MyEndPoint.MyCustomEndPoint
postProcessAfterInitialization<<<<<<<<<<<<<<<<<class com.phoenixhell.boot.actualtor.MyEndPoint.MyCustomEndPoint$$EnhancerBySpringCGLIB$$4e7f336d
postProcessBeforeInitialization>>>>>>>>>>>>>>>>>>>class org.springframework.boot.autoconfigure.jdbc.JdbcTemplateConfiguration
postProcessAfterInitialization<<<<<<<<<<<<<<<<<class org.springframework.boot.autoconfigure.jdbc.JdbcTemplateConfiguration
postProcessBeforeInitialization>>>>>>>>>>>>>>>>>>>class com.alibaba.druid.spring.boot.autoconfigure.DruidDataSourceAutoConfigure$$EnhancerBySpringCGLIB$$a4a0969f
postProcessAfterInitialization<<<<<<<<<<<<<<<<<class com.alibaba.druid.spring.boot.autoconfigure.DruidDataSourceAutoConfigure$$EnhancerBySpringCGLIB$$a4a0969f
2021-01-21 11:23:08.841 INFO 5316 --- [           main] c.a.d.s.b.a.DruidDataSourceAutoConfigure : Init DruidDataSource
postProcessBeforeInitialization>>>>>>>>>>>>>>>>>>>class org.springframework.boot.autoconfigure.jdbc.DataSourceProperties
postProcessAfterInitialization<<<<<<<<<<<<<<<<<class org.springframework.boot.autoconfigure.jdbc.DataSourceProperties
postProcessBeforeInitialization>>>>>>>>>>>>>>>>>>>class com.alibaba.druid.spring.boot.autoconfigure.stat.DruidFilterConfiguration
postProcessAfterInitialization<<<<<<<<<<<<<<<<<class com.alibaba.druid.spring.boot.autoconfigure.stat.DruidFilterConfiguration
postProcessBeforeInitialization>>>>>>>>>>>>>>>>>>>class com.alibaba.druid.filter.stat.StatFilter
postProcessAfterInitialization<<<<<<<<<<<<<<<<<class com.alibaba.druid.filter.stat.StatFilter
postProcessBeforeInitialization>>>>>>>>>>>>>>>>>>>class com.alibaba.druid.wall.WallConfig
postProcessAfterInitialization<<<<<<<<<<<<<<<<<class com.alibaba.druid.wall.WallConfig
postProcessBeforeInitialization>>>>>>>>>>>>>>>>>>>class com.alibaba.druid.wall.WallFilter
postProcessAfterInitialization<<<<<<<<<<<<<<<<<class com.alibaba.druid.wall.WallFilter
postProcessBeforeInitialization>>>>>>>>>>>>>>>>>>>class com.alibaba.druid.spring.boot.autoconfigure.DruidDataSourceWrapper
2021-01-21 11:23:09.520 INFO 5316 --- [           main] com.alibaba.druid.pool.DruidDataSource   : {dataSource-1} inited
postProcessBeforeInitialization>>>>>>>>>>>>>>>>>>>class org.springframework.boot.autoconfigure.jdbc.DataSourceInitializerInvoker
postProcessAfterInitialization<<<<<<<<<<<<<<<<<class org.springframework.boot.autoconfigure.jdbc.DataSourceInitializerInvoker
postProcessAfterInitialization<<<<<<<<<<<<<<<<<class com.alibaba.druid.spring.boot.autoconfigure.DruidDataSourceWrapper
postProcessBeforeInitialization>>>>>>>>>>>>>>>>>>>class org.springframework.boot.autoconfigure.jdbc.JdbcProperties
postProcessAfterInitialization<<<<<<<<<<<<<<<<<class org.springframework.boot.autoconfigure.jdbc.JdbcProperties
postProcessBeforeInitialization>>>>>>>>>>>>>>>>>>>class org.springframework.jdbc.core.JdbcTemplate
postProcessAfterInitialization<<<<<<<<<<<<<<<<<class org.springframework.jdbc.core.JdbcTemplate
postProcessBeforeInitialization>>>>>>>>>>>>>>>>>>>class com.phoenixhell.boot.actualtor.health.MyHealthInterceptor
2021-01-21 11:23:09.610 INFO 5316 --- [           main] o.s.aop.framework.CglibAopProxy          : Unable to proxy interface-implementing method [public final org.springframework.boot.actuate.health.Health org.springframework.boot.actuate.health.AbstractHealthIndicator.health()] because it is marked as final: Consider using interface-based JDK proxies instead!
postProcessAfterInitialization<<<<<<<<<<<<<<<<<class com.phoenixhell.boot.actualtor.health.MyHealthInterceptor$$EnhancerBySpringCGLIB$$2f23a05d
postProcessBeforeInitialization>>>>>>>>>>>>>>>>>>>class com.phoenixhell.boot.actualtor.info.MyInfoContributor
postProcessAfterInitialization<<<<<<<<<<<<<<<<<class com.phoenixhell.boot.actualtor.info.MyInfoContributor$$EnhancerBySpringCGLIB$$ccfd4de3
postProcessBeforeInitialization>>>>>>>>>>>>>>>>>>>class com.phoenixhell.boot.aop.MathCalculator
postProcessAfterInitialization<<<<<<<<<<<<<<<<<class com.phoenixhell.boot.aop.MathCalculator$$EnhancerBySpringCGLIB$$5a4050b3
当前bean的名字blue
解析的字符串你好Windows 7 我是3600
传入的IOCorg.springframework.web.context.support.GenericWebApplicationContext@1c32386d, started on Thu Jan 21 11:23:06 CST 2021
postProcessBeforeInitialization>>>>>>>>>>>>>>>>>>>class com.phoenixhell.boot.bean.Blue
postProcessAfterInitialization<<<<<<<<<<<<<<<<<class com.phoenixhell.boot.bean.Blue$$EnhancerBySpringCGLIB$$5a687b3b
postProcessBeforeInitialization>>>>>>>>>>>>>>>>>>>class com.phoenixhell.boot.bean.Car
postProcessAfterInitialization<<<<<<<<<<<<<<<<<class com.phoenixhell.boot.bean.Car$$EnhancerBySpringCGLIB$$9d5fafb3
postProcessBeforeInitialization>>>>>>>>>>>>>>>>>>>class com.phoenixhell.boot.bean.Boss
postProcessAfterInitialization<<<<<<<<<<<<<<<<<class com.phoenixhell.boot.bean.Boss$$EnhancerBySpringCGLIB$$45b57716
postProcessBeforeInitialization>>>>>>>>>>>>>>>>>>>class com.phoenixhell.boot.bean.Custom
postProcessAfterInitialization<<<<<<<<<<<<<<<<<class com.phoenixhell.boot.bean.Custom$$EnhancerBySpringCGLIB$$f924753a
postProcessBeforeInitialization>>>>>>>>>>>>>>>>>>>class com.phoenixhell.boot.bean.MoreBean
postProcessAfterInitialization<<<<<<<<<<<<<<<<<class com.phoenixhell.boot.bean.MoreBean$$EnhancerBySpringCGLIB$$97cfa50e
postProcessBeforeInitialization>>>>>>>>>>>>>>>>>>>class com.phoenixhell.boot.bean.User
postProcessAfterInitialization<<<<<<<<<<<<<<<<<class com.phoenixhell.boot.bean.User$$EnhancerBySpringCGLIB$$569cd644
postProcessBeforeInitialization>>>>>>>>>>>>>>>>>>>class com.phoenixhell.boot.config.ConfigClass
postProcessAfterInitialization<<<<<<<<<<<<<<<<<class com.phoenixhell.boot.config.ConfigClass$$EnhancerBySpringCGLIB$$28f93d67
postProcessBeforeInitialization>>>>>>>>>>>>>>>>>>>class com.phoenixhell.boot.config.LifeCycleBeanConfig$$EnhancerBySpringCGLIB$$bbb4634f
postProcessAfterInitialization<<<<<<<<<<<<<<<<<class com.phoenixhell.boot.config.LifeCycleBeanConfig$$EnhancerBySpringCGLIB$$bc34d68
postProcessBeforeInitialization>>>>>>>>>>>>>>>>>>>class com.phoenixhell.boot.bean.PropertiesBean
postProcessAfterInitialization<<<<<<<<<<<<<<<<<class com.phoenixhell.boot.bean.PropertiesBean$$EnhancerBySpringCGLIB$$37037ffc
postProcessBeforeInitialization>>>>>>>>>>>>>>>>>>>class org.springframework.boot.actuate.autoconfigure.metrics.export.simple.SimpleMetricsExportAutoConfiguration
postProcessAfterInitialization<<<<<<<<<<<<<<<<<class org.springframework.boot.actuate.autoconfigure.metrics.export.simple.SimpleMetricsExportAutoConfiguration
postProcessBeforeInitialization>>>>>>>>>>>>>>>>>>>class org.springframework.boot.actuate.autoconfigure.metrics.export.simple.SimpleProperties
postProcessAfterInitialization<<<<<<<<<<<<<<<<<class org.springframework.boot.actuate.autoconfigure.metrics.export.simple.SimpleProperties
postProcessBeforeInitialization>>>>>>>>>>>>>>>>>>>class org.springframework.boot.actuate.autoconfigure.metrics.export.simple.SimplePropertiesConfigAdapter
postProcessAfterInitialization<<<<<<<<<<<<<<<<<class org.springframework.boot.actuate.autoconfigure.metrics.export.simple.SimplePropertiesConfigAdapter
postProcessBeforeInitialization>>>>>>>>>>>>>>>>>>>class org.springframework.boot.actuate.autoconfigure.metrics.MetricsAutoConfiguration
postProcessAfterInitialization<<<<<<<<<<<<<<<<<class org.springframework.boot.actuate.autoconfigure.metrics.MetricsAutoConfiguration
postProcessBeforeInitialization>>>>>>>>>>>>>>>>>>>class io.micrometer.core.instrument.Clock$1
postProcessAfterInitialization<<<<<<<<<<<<<<<<<class io.micrometer.core.instrument.Clock$1
postProcessBeforeInitialization>>>>>>>>>>>>>>>>>>>class io.micrometer.core.instrument.simple.SimpleMeterRegistry
postProcessAfterInitialization<<<<<<<<<<<<<<<<<class io.micrometer.core.instrument.simple.SimpleMeterRegistry
postProcessBeforeInitialization>>>>>>>>>>>>>>>>>>>class org.springframework.boot.actuate.autoconfigure.metrics.MetricsProperties
postProcessAfterInitialization<<<<<<<<<<<<<<<<<class org.springframework.boot.actuate.autoconfigure.metrics.MetricsProperties
postProcessBeforeInitialization>>>>>>>>>>>>>>>>>>>class org.springframework.boot.actuate.autoconfigure.metrics.PropertiesMeterFilter
postProcessAfterInitialization<<<<<<<<<<<<<<<<<class org.springframework.boot.actuate.autoconfigure.metrics.PropertiesMeterFilter
postProcessBeforeInitialization>>>>>>>>>>>>>>>>>>>class org.springframework.boot.actuate.autoconfigure.metrics.web.client.HttpClientMetricsAutoConfiguration
postProcessAfterInitialization<<<<<<<<<<<<<<<<<class org.springframework.boot.actuate.autoconfigure.metrics.web.client.HttpClientMetricsAutoConfiguration
postProcessBeforeInitialization>>>>>>>>>>>>>>>>>>>class io.micrometer.core.instrument.config.MeterFilter$9
postProcessAfterInitialization<<<<<<<<<<<<<<<<<class io.micrometer.core.instrument.config.MeterFilter$9
postProcessBeforeInitialization>>>>>>>>>>>>>>>>>>>class org.springframework.boot.actuate.autoconfigure.metrics.web.servlet.WebMvcMetricsAutoConfiguration
postProcessAfterInitialization<<<<<<<<<<<<<<<<<class org.springframework.boot.actuate.autoconfigure.metrics.web.servlet.WebMvcMetricsAutoConfiguration
postProcessBeforeInitialization>>>>>>>>>>>>>>>>>>>class io.micrometer.core.instrument.config.MeterFilter$9
postProcessAfterInitialization<<<<<<<<<<<<<<<<<class io.micrometer.core.instrument.config.MeterFilter$9
postProcessBeforeInitialization>>>>>>>>>>>>>>>>>>>class org.springframework.boot.actuate.autoconfigure.metrics.JvmMetricsAutoConfiguration
postProcessAfterInitialization<<<<<<<<<<<<<<<<<class org.springframework.boot.actuate.autoconfigure.metrics.JvmMetricsAutoConfiguration
postProcessBeforeInitialization>>>>>>>>>>>>>>>>>>>class io.micrometer.core.instrument.binder.jvm.JvmGcMetrics
postProcessAfterInitialization<<<<<<<<<<<<<<<<<class io.micrometer.core.instrument.binder.jvm.JvmGcMetrics
postProcessBeforeInitialization>>>>>>>>>>>>>>>>>>>class io.micrometer.core.instrument.binder.jvm.JvmMemoryMetrics
postProcessAfterInitialization<<<<<<<<<<<<<<<<<class io.micrometer.core.instrument.binder.jvm.JvmMemoryMetrics
postProcessBeforeInitialization>>>>>>>>>>>>>>>>>>>class io.micrometer.core.instrument.binder.jvm.JvmThreadMetrics
postProcessAfterInitialization<<<<<<<<<<<<<<<<<class io.micrometer.core.instrument.binder.jvm.JvmThreadMetrics
postProcessBeforeInitialization>>>>>>>>>>>>>>>>>>>class io.micrometer.core.instrument.binder.jvm.ClassLoaderMetrics
postProcessAfterInitialization<<<<<<<<<<<<<<<<<class io.micrometer.core.instrument.binder.jvm.ClassLoaderMetrics
postProcessBeforeInitialization>>>>>>>>>>>>>>>>>>>class org.springframework.boot.actuate.autoconfigure.metrics.LogbackMetricsAutoConfiguration
postProcessAfterInitialization<<<<<<<<<<<<<<<<<class org.springframework.boot.actuate.autoconfigure.metrics.LogbackMetricsAutoConfiguration
postProcessBeforeInitialization>>>>>>>>>>>>>>>>>>>class io.micrometer.core.instrument.binder.logging.LogbackMetrics
postProcessAfterInitialization<<<<<<<<<<<<<<<<<class io.micrometer.core.instrument.binder.logging.LogbackMetrics
postProcessBeforeInitialization>>>>>>>>>>>>>>>>>>>class org.springframework.boot.actuate.autoconfigure.metrics.SystemMetricsAutoConfiguration
postProcessAfterInitialization<<<<<<<<<<<<<<<<<class org.springframework.boot.actuate.autoconfigure.metrics.SystemMetricsAutoConfiguration
postProcessBeforeInitialization>>>>>>>>>>>>>>>>>>>class io.micrometer.core.instrument.binder.system.UptimeMetrics
postProcessAfterInitialization<<<<<<<<<<<<<<<<<class io.micrometer.core.instrument.binder.system.UptimeMetrics
postProcessBeforeInitialization>>>>>>>>>>>>>>>>>>>class io.micrometer.core.instrument.binder.system.ProcessorMetrics
postProcessAfterInitialization<<<<<<<<<<<<<<<<<class io.micrometer.core.instrument.binder.system.ProcessorMetrics
postProcessBeforeInitialization>>>>>>>>>>>>>>>>>>>class io.micrometer.core.instrument.binder.system.FileDescriptorMetrics
postProcessAfterInitialization<<<<<<<<<<<<<<<<<class io.micrometer.core.instrument.binder.system.FileDescriptorMetrics
Logging initialized using 'class org.apache.ibatis.logging.stdout.StdOutImpl' adapter.
postProcessBeforeInitialization>>>>>>>>>>>>>>>>>>>class com.baomidou.mybatisplus.autoconfigure.MybatisPlusProperties
postProcessAfterInitialization<<<<<<<<<<<<<<<<<class com.baomidou.mybatisplus.autoconfigure.MybatisPlusProperties
postProcessBeforeInitialization>>>>>>>>>>>>>>>>>>>class com.baomidou.mybatisplus.extension.plugins.MybatisPlusInterceptor
postProcessAfterInitialization<<<<<<<<<<<<<<<<<class com.baomidou.mybatisplus.extension.plugins.MybatisPlusInterceptor
postProcessBeforeInitialization>>>>>>>>>>>>>>>>>>>class com.phoenixhell.boot.config.ConfigClass$$Lambda$633/2124360754
postProcessAfterInitialization<<<<<<<<<<<<<<<<<class com.baomidou.mybatisplus.autoconfigure.ConfigurationCustomizer$$EnhancerBySpringCGLIB$$1b931fa2
postProcessBeforeInitialization>>>>>>>>>>>>>>>>>>>class com.baomidou.mybatisplus.autoconfigure.MybatisPlusAutoConfiguration$$EnhancerBySpringCGLIB$$c8bd0dc7
postProcessAfterInitialization<<<<<<<<<<<<<<<<<class com.baomidou.mybatisplus.autoconfigure.MybatisPlusAutoConfiguration$$EnhancerBySpringCGLIB$$c8bd0dc7
Registered plugin: 'com.baomidou.mybatisplus.extension.plugins.MybatisPlusInterceptor@6a0f2853'
Parsed mapper file: 'file [E:\maven\SpringBoot\target\classes\mapper\UserMapper.xml]'
 _ _   |_  _ _|_. ___ _ |    _ 
| | |\/|_)(_| | |_\  |_)||_|_\ 
     /               |         
                        3.4.1 
postProcessBeforeInitialization>>>>>>>>>>>>>>>>>>>class org.apache.ibatis.session.defaults.DefaultSqlSessionFactory
postProcessAfterInitialization<<<<<<<<<<<<<<<<<class org.apache.ibatis.session.defaults.DefaultSqlSessionFactory
postProcessBeforeInitialization>>>>>>>>>>>>>>>>>>>class org.mybatis.spring.SqlSessionTemplate
postProcessAfterInitialization<<<<<<<<<<<<<<<<<class org.mybatis.spring.SqlSessionTemplate
postProcessBeforeInitialization>>>>>>>>>>>>>>>>>>>class org.mybatis.spring.mapper.MapperFactoryBean
postProcessAfterInitialization<<<<<<<<<<<<<<<<<class org.mybatis.spring.mapper.MapperFactoryBean
postProcessAfterInitialization<<<<<<<<<<<<<<<<<class com.sun.proxy.$Proxy105
postProcessBeforeInitialization>>>>>>>>>>>>>>>>>>>class com.phoenixhell.boot.service.Impl.UserServiceImpl
postProcessAfterInitialization<<<<<<<<<<<<<<<<<class com.phoenixhell.boot.service.Impl.UserServiceImpl$$EnhancerBySpringCGLIB$$46a4791a
postProcessBeforeInitialization>>>>>>>>>>>>>>>>>>>class org.mybatis.spring.mapper.MapperFactoryBean
postProcessAfterInitialization<<<<<<<<<<<<<<<<<class org.mybatis.spring.mapper.MapperFactoryBean
postProcessAfterInitialization<<<<<<<<<<<<<<<<<class com.sun.proxy.$Proxy108
postProcessBeforeInitialization>>>>>>>>>>>>>>>>>>>class com.phoenixhell.boot.service.Impl.CustomServiceImpl
postProcessAfterInitialization<<<<<<<<<<<<<<<<<class com.phoenixhell.boot.service.Impl.CustomServiceImpl$$EnhancerBySpringCGLIB$$536815a3
postProcessBeforeInitialization>>>>>>>>>>>>>>>>>>>class com.phoenixhell.boot.controller.UserController
postProcessAfterInitialization<<<<<<<<<<<<<<<<<class com.phoenixhell.boot.controller.UserController$$EnhancerBySpringCGLIB$$e31004d4
postProcessBeforeInitialization>>>>>>>>>>>>>>>>>>>class com.phoenixhell.boot.listener.MyApplicationRunner
postProcessAfterInitialization<<<<<<<<<<<<<<<<<class com.phoenixhell.boot.listener.MyApplicationRunner$$EnhancerBySpringCGLIB$$978c8b17
postProcessBeforeInitialization>>>>>>>>>>>>>>>>>>>class com.phoenixhell.boot.listener.MyCommandLineRunner
postProcessAfterInitialization<<<<<<<<<<<<<<<<<class com.phoenixhell.boot.listener.MyCommandLineRunner$$EnhancerBySpringCGLIB$$f6a16ce
postProcessBeforeInitialization>>>>>>>>>>>>>>>>>>>class com.phoenixhell.boot.service.MoreBeanService
postProcessAfterInitialization<<<<<<<<<<<<<<<<<class com.phoenixhell.boot.service.MoreBeanService$$EnhancerBySpringCGLIB$$226647e2
postProcessBeforeInitialization>>>>>>>>>>>>>>>>>>>class com.phoenixhell.boot.bean.Yellow
postProcessAfterInitialization<<<<<<<<<<<<<<<<<class com.phoenixhell.boot.bean.Yellow$$EnhancerBySpringCGLIB$$aa52bd85
postProcessBeforeInitialization>>>>>>>>>>>>>>>>>>>class com.phoenixhell.boot.bean.Dept
postProcessAfterInitialization<<<<<<<<<<<<<<<<<class com.phoenixhell.boot.bean.Dept$$EnhancerBySpringCGLIB$$f340f62e
postProcessBeforeInitialization>>>>>>>>>>>>>>>>>>>class com.phoenixhell.boot.aop.LogAspect
postProcessAfterInitialization<<<<<<<<<<<<<<<<<class com.phoenixhell.boot.aop.LogAspect$$EnhancerBySpringCGLIB$$77106cf3
postProcessBeforeInitialization>>>>>>>>>>>>>>>>>>>class com.phoenixhell.boot.bean.ColorFactoryBean
postProcessAfterInitialization<<<<<<<<<<<<<<<<<class com.phoenixhell.boot.bean.ColorFactoryBean$$EnhancerBySpringCGLIB$$4312d190
postProcessBeforeInitialization>>>>>>>>>>>>>>>>>>>class com.phoenixhell.boot.config.ConfigClass$1
postProcessAfterInitialization<<<<<<<<<<<<<<<<<class com.phoenixhell.boot.config.ConfigClass$1$$EnhancerBySpringCGLIB$$6ce93c6c
postProcessBeforeInitialization>>>>>>>>>>>>>>>>>>>class org.springframework.boot.context.properties.ConfigurationBeanFactoryMetadata
postProcessAfterInitialization<<<<<<<<<<<<<<<<<class org.springframework.boot.context.properties.ConfigurationBeanFactoryMetadata
LifeCycleBean constructor
postProcessBeforeInitialization>>>>>>>>>>>>>>>>>>>class com.phoenixhell.boot.bean.LifeCycleBean
LifeCycleBean init
postProcessAfterInitialization<<<<<<<<<<<<<<<<<class com.phoenixhell.boot.bean.LifeCycleBean$$EnhancerBySpringCGLIB$$e20605c9
postProcessBeforeInitialization>>>>>>>>>>>>>>>>>>>class org.springframework.boot.autoconfigure.AutoConfigurationPackages$BasePackages
postProcessAfterInitialization<<<<<<<<<<<<<<<<<class org.springframework.boot.autoconfigure.AutoConfigurationPackages$BasePackages
postProcessBeforeInitialization>>>>>>>>>>>>>>>>>>>class org.springframework.boot.autoconfigure.context.PropertyPlaceholderAutoConfiguration
postProcessAfterInitialization<<<<<<<<<<<<<<<<<class org.springframework.boot.autoconfigure.context.PropertyPlaceholderAutoConfiguration
postProcessBeforeInitialization>>>>>>>>>>>>>>>>>>>class org.springframework.boot.autoconfigure.websocket.servlet.WebSocketServletAutoConfiguration$TomcatWebSocketConfiguration
postProcessAfterInitialization<<<<<<<<<<<<<<<<<class org.springframework.boot.autoconfigure.websocket.servlet.WebSocketServletAutoConfiguration$TomcatWebSocketConfiguration
postProcessBeforeInitialization>>>>>>>>>>>>>>>>>>>class org.springframework.boot.autoconfigure.websocket.servlet.TomcatWebSocketServletWebServerCustomizer
postProcessAfterInitialization<<<<<<<<<<<<<<<<<class org.springframework.boot.autoconfigure.websocket.servlet.TomcatWebSocketServletWebServerCustomizer
postProcessBeforeInitialization>>>>>>>>>>>>>>>>>>>class org.springframework.boot.autoconfigure.websocket.servlet.WebSocketServletAutoConfiguration
postProcessAfterInitialization<<<<<<<<<<<<<<<<<class org.springframework.boot.autoconfigure.websocket.servlet.WebSocketServletAutoConfiguration
postProcessBeforeInitialization>>>>>>>>>>>>>>>>>>>class org.springframework.boot.autoconfigure.web.servlet.ServletWebServerFactoryConfiguration$EmbeddedTomcat
postProcessAfterInitialization<<<<<<<<<<<<<<<<<class org.springframework.boot.autoconfigure.web.servlet.ServletWebServerFactoryConfiguration$EmbeddedTomcat
postProcessBeforeInitialization>>>>>>>>>>>>>>>>>>>class org.springframework.boot.web.embedded.tomcat.TomcatServletWebServerFactory
postProcessAfterInitialization<<<<<<<<<<<<<<<<<class org.springframework.boot.web.embedded.tomcat.TomcatServletWebServerFactory
postProcessBeforeInitialization>>>>>>>>>>>>>>>>>>>class org.springframework.boot.autoconfigure.web.servlet.ServletWebServerFactoryAutoConfiguration
postProcessAfterInitialization<<<<<<<<<<<<<<<<<class org.springframework.boot.autoconfigure.web.servlet.ServletWebServerFactoryAutoConfiguration
postProcessBeforeInitialization>>>>>>>>>>>>>>>>>>>class org.springframework.boot.autoconfigure.web.ServerProperties
postProcessAfterInitialization<<<<<<<<<<<<<<<<<class org.springframework.boot.autoconfigure.web.ServerProperties
postProcessBeforeInitialization>>>>>>>>>>>>>>>>>>>class org.springframework.boot.autoconfigure.web.servlet.ServletWebServerFactoryCustomizer
postProcessAfterInitialization<<<<<<<<<<<<<<<<<class org.springframework.boot.autoconfigure.web.servlet.ServletWebServerFactoryCustomizer
postProcessBeforeInitialization>>>>>>>>>>>>>>>>>>>class org.springframework.boot.autoconfigure.web.servlet.TomcatServletWebServerFactoryCustomizer
postProcessAfterInitialization<<<<<<<<<<<<<<<<<class org.springframework.boot.autoconfigure.web.servlet.TomcatServletWebServerFactoryCustomizer
postProcessBeforeInitialization>>>>>>>>>>>>>>>>>>>class org.springframework.boot.autoconfigure.web.servlet.DispatcherServletAutoConfiguration$DispatcherServletConfiguration
postProcessAfterInitialization<<<<<<<<<<<<<<<<<class org.springframework.boot.autoconfigure.web.servlet.DispatcherServletAutoConfiguration$DispatcherServletConfiguration
postProcessBeforeInitialization>>>>>>>>>>>>>>>>>>>class org.springframework.boot.autoconfigure.web.servlet.WebMvcProperties
postProcessAfterInitialization<<<<<<<<<<<<<<<<<class org.springframework.boot.autoconfigure.web.servlet.WebMvcProperties
postProcessBeforeInitialization>>>>>>>>>>>>>>>>>>>class org.springframework.web.servlet.DispatcherServlet
postProcessAfterInitialization<<<<<<<<<<<<<<<<<class org.springframework.web.servlet.DispatcherServlet
postProcessBeforeInitialization>>>>>>>>>>>>>>>>>>>class org.springframework.boot.autoconfigure.web.servlet.DispatcherServletAutoConfiguration$DispatcherServletRegistrationConfiguration
postProcessAfterInitialization<<<<<<<<<<<<<<<<<class org.springframework.boot.autoconfigure.web.servlet.DispatcherServletAutoConfiguration$DispatcherServletRegistrationConfiguration
postProcessBeforeInitialization>>>>>>>>>>>>>>>>>>>class org.springframework.boot.autoconfigure.web.servlet.MultipartProperties
postProcessAfterInitialization<<<<<<<<<<<<<<<<<class org.springframework.boot.autoconfigure.web.servlet.MultipartProperties
postProcessBeforeInitialization>>>>>>>>>>>>>>>>>>>class org.springframework.boot.autoconfigure.web.servlet.MultipartAutoConfiguration
postProcessAfterInitialization<<<<<<<<<<<<<<<<<class org.springframework.boot.autoconfigure.web.servlet.MultipartAutoConfiguration
postProcessBeforeInitialization>>>>>>>>>>>>>>>>>>>class javax.servlet.MultipartConfigElement
postProcessAfterInitialization<<<<<<<<<<<<<<<<<class javax.servlet.MultipartConfigElement
postProcessBeforeInitialization>>>>>>>>>>>>>>>>>>>class org.springframework.boot.autoconfigure.web.servlet.DispatcherServletRegistrationBean
postProcessAfterInitialization<<<<<<<<<<<<<<<<<class org.springframework.boot.autoconfigure.web.servlet.DispatcherServletRegistrationBean
postProcessBeforeInitialization>>>>>>>>>>>>>>>>>>>class org.springframework.boot.autoconfigure.web.servlet.DispatcherServletAutoConfiguration
postProcessAfterInitialization<<<<<<<<<<<<<<<<<class org.springframework.boot.autoconfigure.web.servlet.DispatcherServletAutoConfiguration
postProcessBeforeInitialization>>>>>>>>>>>>>>>>>>>class org.springframework.boot.autoconfigure.task.TaskExecutionAutoConfiguration
postProcessAfterInitialization<<<<<<<<<<<<<<<<<class org.springframework.boot.autoconfigure.task.TaskExecutionAutoConfiguration
postProcessBeforeInitialization>>>>>>>>>>>>>>>>>>>class org.springframework.boot.autoconfigure.task.TaskExecutionProperties
postProcessAfterInitialization<<<<<<<<<<<<<<<<<class org.springframework.boot.autoconfigure.task.TaskExecutionProperties
postProcessBeforeInitialization>>>>>>>>>>>>>>>>>>>class org.springframework.boot.task.TaskExecutorBuilder
postProcessAfterInitialization<<<<<<<<<<<<<<<<<class org.springframework.boot.task.TaskExecutorBuilder
postProcessBeforeInitialization>>>>>>>>>>>>>>>>>>>class org.springframework.boot.autoconfigure.web.servlet.error.ErrorMvcAutoConfiguration$WhitelabelErrorViewConfiguration
postProcessAfterInitialization<<<<<<<<<<<<<<<<<class org.springframework.boot.autoconfigure.web.servlet.error.ErrorMvcAutoConfiguration$WhitelabelErrorViewConfiguration
postProcessBeforeInitialization>>>>>>>>>>>>>>>>>>>class org.springframework.boot.autoconfigure.web.servlet.error.ErrorMvcAutoConfiguration$StaticView
postProcessAfterInitialization<<<<<<<<<<<<<<<<<class org.springframework.boot.autoconfigure.web.servlet.error.ErrorMvcAutoConfiguration$StaticView
postProcessBeforeInitialization>>>>>>>>>>>>>>>>>>>class org.springframework.web.servlet.view.BeanNameViewResolver
postProcessAfterInitialization<<<<<<<<<<<<<<<<<class org.springframework.web.servlet.view.BeanNameViewResolver
postProcessBeforeInitialization>>>>>>>>>>>>>>>>>>>class org.springframework.boot.autoconfigure.web.ResourceProperties
postProcessAfterInitialization<<<<<<<<<<<<<<<<<class org.springframework.boot.autoconfigure.web.ResourceProperties
postProcessBeforeInitialization>>>>>>>>>>>>>>>>>>>class org.springframework.boot.autoconfigure.web.servlet.error.ErrorMvcAutoConfiguration$DefaultErrorViewResolverConfiguration
postProcessAfterInitialization<<<<<<<<<<<<<<<<<class org.springframework.boot.autoconfigure.web.servlet.error.ErrorMvcAutoConfiguration$DefaultErrorViewResolverConfiguration
postProcessBeforeInitialization>>>>>>>>>>>>>>>>>>>class org.springframework.boot.autoconfigure.web.servlet.error.DefaultErrorViewResolver
postProcessAfterInitialization<<<<<<<<<<<<<<<<<class org.springframework.boot.autoconfigure.web.servlet.error.DefaultErrorViewResolver
postProcessBeforeInitialization>>>>>>>>>>>>>>>>>>>class org.springframework.boot.autoconfigure.web.servlet.error.ErrorMvcAutoConfiguration
postProcessAfterInitialization<<<<<<<<<<<<<<<<<class org.springframework.boot.autoconfigure.web.servlet.error.ErrorMvcAutoConfiguration
postProcessBeforeInitialization>>>>>>>>>>>>>>>>>>>class org.springframework.boot.web.servlet.error.DefaultErrorAttributes
postProcessAfterInitialization<<<<<<<<<<<<<<<<<class org.springframework.boot.web.servlet.error.DefaultErrorAttributes
postProcessBeforeInitialization>>>>>>>>>>>>>>>>>>>class org.springframework.boot.autoconfigure.web.servlet.error.BasicErrorController
postProcessAfterInitialization<<<<<<<<<<<<<<<<<class org.springframework.boot.autoconfigure.web.servlet.error.BasicErrorController
postProcessBeforeInitialization>>>>>>>>>>>>>>>>>>>class org.springframework.boot.autoconfigure.web.servlet.error.ErrorMvcAutoConfiguration$ErrorPageCustomizer
postProcessAfterInitialization<<<<<<<<<<<<<<<<<class org.springframework.boot.autoconfigure.web.servlet.error.ErrorMvcAutoConfiguration$ErrorPageCustomizer
postProcessBeforeInitialization>>>>>>>>>>>>>>>>>>>class org.springframework.boot.autoconfigure.web.servlet.WebMvcAutoConfiguration$WebMvcAutoConfigurationAdapter
postProcessAfterInitialization<<<<<<<<<<<<<<<<<class org.springframework.boot.autoconfigure.web.servlet.WebMvcAutoConfiguration$WebMvcAutoConfigurationAdapter
postProcessBeforeInitialization>>>>>>>>>>>>>>>>>>>class org.springframework.boot.actuate.metrics.web.servlet.DefaultWebMvcTagsProvider
postProcessAfterInitialization<<<<<<<<<<<<<<<<<class org.springframework.boot.actuate.metrics.web.servlet.DefaultWebMvcTagsProvider
postProcessBeforeInitialization>>>>>>>>>>>>>>>>>>>class org.springframework.boot.actuate.autoconfigure.metrics.web.servlet.WebMvcMetricsAutoConfiguration$MetricsWebMvcConfigurer
postProcessAfterInitialization<<<<<<<<<<<<<<<<<class org.springframework.boot.actuate.autoconfigure.metrics.web.servlet.WebMvcMetricsAutoConfiguration$MetricsWebMvcConfigurer
postProcessBeforeInitialization>>>>>>>>>>>>>>>>>>>class org.springframework.boot.autoconfigure.web.servlet.WebMvcAutoConfiguration$EnableWebMvcConfiguration
postProcessAfterInitialization<<<<<<<<<<<<<<<<<class org.springframework.boot.autoconfigure.web.servlet.WebMvcAutoConfiguration$EnableWebMvcConfiguration
postProcessBeforeInitialization>>>>>>>>>>>>>>>>>>>class org.springframework.web.accept.ContentNegotiationManager
postProcessAfterInitialization<<<<<<<<<<<<<<<<<class org.springframework.web.accept.ContentNegotiationManager
postProcessBeforeInitialization>>>>>>>>>>>>>>>>>>>class org.springframework.boot.autoconfigure.web.format.WebConversionService
postProcessAfterInitialization<<<<<<<<<<<<<<<<<class org.springframework.boot.autoconfigure.web.format.WebConversionService
postProcessBeforeInitialization>>>>>>>>>>>>>>>>>>>class org.springframework.web.servlet.config.annotation.WebMvcConfigurationSupport$NoOpValidator
postProcessAfterInitialization<<<<<<<<<<<<<<<<<class org.springframework.web.servlet.config.annotation.WebMvcConfigurationSupport$NoOpValidator
postProcessBeforeInitialization>>>>>>>>>>>>>>>>>>>class org.springframework.boot.autoconfigure.http.HttpMessageConvertersAutoConfiguration
postProcessAfterInitialization<<<<<<<<<<<<<<<<<class org.springframework.boot.autoconfigure.http.HttpMessageConvertersAutoConfiguration
postProcessBeforeInitialization>>>>>>>>>>>>>>>>>>>class org.springframework.boot.autoconfigure.http.HttpMessageConvertersAutoConfiguration$StringHttpMessageConverterConfiguration
postProcessAfterInitialization<<<<<<<<<<<<<<<<<class org.springframework.boot.autoconfigure.http.HttpMessageConvertersAutoConfiguration$StringHttpMessageConverterConfiguration
postProcessBeforeInitialization>>>>>>>>>>>>>>>>>>>class org.springframework.http.converter.StringHttpMessageConverter
postProcessAfterInitialization<<<<<<<<<<<<<<<<<class org.springframework.http.converter.StringHttpMessageConverter
postProcessBeforeInitialization>>>>>>>>>>>>>>>>>>>class org.springframework.boot.autoconfigure.http.JacksonHttpMessageConvertersConfiguration$MappingJackson2HttpMessageConverterConfiguration
postProcessAfterInitialization<<<<<<<<<<<<<<<<<class org.springframework.boot.autoconfigure.http.JacksonHttpMessageConvertersConfiguration$MappingJackson2HttpMessageConverterConfiguration
postProcessBeforeInitialization>>>>>>>>>>>>>>>>>>>class org.springframework.boot.autoconfigure.jackson.JacksonAutoConfiguration$JacksonObjectMapperConfiguration
postProcessAfterInitialization<<<<<<<<<<<<<<<<<class org.springframework.boot.autoconfigure.jackson.JacksonAutoConfiguration$JacksonObjectMapperConfiguration
postProcessBeforeInitialization>>>>>>>>>>>>>>>>>>>class org.springframework.boot.autoconfigure.jackson.JacksonAutoConfiguration$JacksonObjectMapperBuilderConfiguration
postProcessAfterInitialization<<<<<<<<<<<<<<<<<class org.springframework.boot.autoconfigure.jackson.JacksonAutoConfiguration$JacksonObjectMapperBuilderConfiguration
postProcessBeforeInitialization>>>>>>>>>>>>>>>>>>>class org.springframework.boot.autoconfigure.jackson.JacksonAutoConfiguration$Jackson2ObjectMapperBuilderCustomizerConfiguration
postProcessAfterInitialization<<<<<<<<<<<<<<<<<class org.springframework.boot.autoconfigure.jackson.JacksonAutoConfiguration$Jackson2ObjectMapperBuilderCustomizerConfiguration
postProcessBeforeInitialization>>>>>>>>>>>>>>>>>>>class org.springframework.boot.autoconfigure.jackson.JacksonProperties
postProcessAfterInitialization<<<<<<<<<<<<<<<<<class org.springframework.boot.autoconfigure.jackson.JacksonProperties
postProcessBeforeInitialization>>>>>>>>>>>>>>>>>>>class org.springframework.boot.autoconfigure.jackson.JacksonAutoConfiguration$Jackson2ObjectMapperBuilderCustomizerConfiguration$StandardJackson2ObjectMapperBuilderCustomizer
postProcessAfterInitialization<<<<<<<<<<<<<<<<<class org.springframework.boot.autoconfigure.jackson.JacksonAutoConfiguration$Jackson2ObjectMapperBuilderCustomizerConfiguration$StandardJackson2ObjectMapperBuilderCustomizer
postProcessBeforeInitialization>>>>>>>>>>>>>>>>>>>class org.springframework.boot.autoconfigure.jackson.JacksonAutoConfiguration$ParameterNamesModuleConfiguration
postProcessAfterInitialization<<<<<<<<<<<<<<<<<class org.springframework.boot.autoconfigure.jackson.JacksonAutoConfiguration$ParameterNamesModuleConfiguration
postProcessBeforeInitialization>>>>>>>>>>>>>>>>>>>class com.fasterxml.jackson.module.paramnames.ParameterNamesModule
postProcessAfterInitialization<<<<<<<<<<<<<<<<<class com.fasterxml.jackson.module.paramnames.ParameterNamesModule
postProcessBeforeInitialization>>>>>>>>>>>>>>>>>>>class org.springframework.boot.autoconfigure.jackson.JacksonAutoConfiguration
postProcessAfterInitialization<<<<<<<<<<<<<<<<<class org.springframework.boot.autoconfigure.jackson.JacksonAutoConfiguration
postProcessBeforeInitialization>>>>>>>>>>>>>>>>>>>class org.springframework.boot.jackson.JsonComponentModule
postProcessAfterInitialization<<<<<<<<<<<<<<<<<class org.springframework.boot.jackson.JsonComponentModule
postProcessBeforeInitialization>>>>>>>>>>>>>>>>>>>class org.springframework.http.converter.json.Jackson2ObjectMapperBuilder
postProcessAfterInitialization<<<<<<<<<<<<<<<<<class org.springframework.http.converter.json.Jackson2ObjectMapperBuilder
postProcessBeforeInitialization>>>>>>>>>>>>>>>>>>>class com.fasterxml.jackson.databind.ObjectMapper
postProcessAfterInitialization<<<<<<<<<<<<<<<<<class com.fasterxml.jackson.databind.ObjectMapper
postProcessBeforeInitialization>>>>>>>>>>>>>>>>>>>class org.springframework.http.converter.json.MappingJackson2HttpMessageConverter
postProcessAfterInitialization<<<<<<<<<<<<<<<<<class org.springframework.http.converter.json.MappingJackson2HttpMessageConverter
postProcessBeforeInitialization>>>>>>>>>>>>>>>>>>>class org.springframework.boot.autoconfigure.http.HttpMessageConverters
postProcessAfterInitialization<<<<<<<<<<<<<<<<<class org.springframework.boot.autoconfigure.http.HttpMessageConverters
postProcessBeforeInitialization>>>>>>>>>>>>>>>>>>>class org.springframework.scheduling.concurrent.ThreadPoolTaskExecutor
2021-01-21 11:23:12.272 INFO 5316 --- [           main] o.s.s.concurrent.ThreadPoolTaskExecutor  : Initializing ExecutorService 'applicationTaskExecutor'
postProcessAfterInitialization<<<<<<<<<<<<<<<<<class org.springframework.scheduling.concurrent.ThreadPoolTaskExecutor
postProcessBeforeInitialization>>>>>>>>>>>>>>>>>>>class org.springframework.web.servlet.mvc.method.annotation.RequestMappingHandlerAdapter
postProcessAfterInitialization<<<<<<<<<<<<<<<<<class org.springframework.web.servlet.mvc.method.annotation.RequestMappingHandlerAdapter
postProcessBeforeInitialization>>>>>>>>>>>>>>>>>>>class com.alibaba.druid.spring.boot.autoconfigure.stat.DruidStatViewServletConfiguration
postProcessAfterInitialization<<<<<<<<<<<<<<<<<class com.alibaba.druid.spring.boot.autoconfigure.stat.DruidStatViewServletConfiguration
postProcessBeforeInitialization>>>>>>>>>>>>>>>>>>>class org.springframework.boot.web.servlet.ServletRegistrationBean
postProcessAfterInitialization<<<<<<<<<<<<<<<<<class org.springframework.boot.web.servlet.ServletRegistrationBean
postProcessBeforeInitialization>>>>>>>>>>>>>>>>>>>class org.springframework.web.servlet.resource.ResourceUrlProvider
postProcessAfterInitialization<<<<<<<<<<<<<<<<<class org.springframework.web.servlet.resource.ResourceUrlProvider
postProcessBeforeInitialization>>>>>>>>>>>>>>>>>>>class org.springframework.web.servlet.mvc.method.annotation.RequestMappingHandlerMapping
postProcessAfterInitialization<<<<<<<<<<<<<<<<<class org.springframework.web.servlet.mvc.method.annotation.RequestMappingHandlerMapping
2021-01-21 11:23:12.471 INFO 5316 --- [           main] o.s.b.a.w.s.WelcomePageHandlerMapping    : Adding welcome page template: index
postProcessBeforeInitialization>>>>>>>>>>>>>>>>>>>class org.springframework.boot.autoconfigure.web.servlet.WelcomePageHandlerMapping
postProcessAfterInitialization<<<<<<<<<<<<<<<<<class org.springframework.boot.autoconfigure.web.servlet.WelcomePageHandlerMapping
postProcessBeforeInitialization>>>>>>>>>>>>>>>>>>>class org.springframework.util.AntPathMatcher
postProcessAfterInitialization<<<<<<<<<<<<<<<<<class org.springframework.util.AntPathMatcher
postProcessBeforeInitialization>>>>>>>>>>>>>>>>>>>class org.springframework.web.util.UrlPathHelper
postProcessAfterInitialization<<<<<<<<<<<<<<<<<class org.springframework.web.util.UrlPathHelper
postProcessBeforeInitialization>>>>>>>>>>>>>>>>>>>class org.springframework.beans.factory.support.NullBean
postProcessAfterInitialization<<<<<<<<<<<<<<<<<class org.springframework.beans.factory.support.NullBean
postProcessBeforeInitialization>>>>>>>>>>>>>>>>>>>class org.springframework.web.servlet.handler.BeanNameUrlHandlerMapping
postProcessAfterInitialization<<<<<<<<<<<<<<<<<class org.springframework.web.servlet.handler.BeanNameUrlHandlerMapping
postProcessBeforeInitialization>>>>>>>>>>>>>>>>>>>class org.springframework.web.servlet.function.support.RouterFunctionMapping
postProcessAfterInitialization<<<<<<<<<<<<<<<<<class org.springframework.web.servlet.function.support.RouterFunctionMapping
postProcessBeforeInitialization>>>>>>>>>>>>>>>>>>>class org.springframework.web.servlet.handler.SimpleUrlHandlerMapping
postProcessAfterInitialization<<<<<<<<<<<<<<<<<class org.springframework.web.servlet.handler.SimpleUrlHandlerMapping
postProcessBeforeInitialization>>>>>>>>>>>>>>>>>>>class org.springframework.beans.factory.support.NullBean
postProcessAfterInitialization<<<<<<<<<<<<<<<<<class org.springframework.beans.factory.support.NullBean
postProcessBeforeInitialization>>>>>>>>>>>>>>>>>>>class org.springframework.web.servlet.function.support.HandlerFunctionAdapter
postProcessAfterInitialization<<<<<<<<<<<<<<<<<class org.springframework.web.servlet.function.support.HandlerFunctionAdapter
postProcessBeforeInitialization>>>>>>>>>>>>>>>>>>>class org.springframework.web.method.support.CompositeUriComponentsContributor
postProcessAfterInitialization<<<<<<<<<<<<<<<<<class org.springframework.web.method.support.CompositeUriComponentsContributor
postProcessBeforeInitialization>>>>>>>>>>>>>>>>>>>class org.springframework.web.servlet.mvc.HttpRequestHandlerAdapter
postProcessAfterInitialization<<<<<<<<<<<<<<<<<class org.springframework.web.servlet.mvc.HttpRequestHandlerAdapter
postProcessBeforeInitialization>>>>>>>>>>>>>>>>>>>class org.springframework.web.servlet.mvc.SimpleControllerHandlerAdapter
postProcessAfterInitialization<<<<<<<<<<<<<<<<<class org.springframework.web.servlet.mvc.SimpleControllerHandlerAdapter
postProcessBeforeInitialization>>>>>>>>>>>>>>>>>>>class org.springframework.web.servlet.handler.HandlerExceptionResolverComposite
postProcessAfterInitialization<<<<<<<<<<<<<<<<<class org.springframework.web.servlet.handler.HandlerExceptionResolverComposite
postProcessBeforeInitialization>>>>>>>>>>>>>>>>>>>class org.springframework.web.servlet.view.ViewResolverComposite
postProcessAfterInitialization<<<<<<<<<<<<<<<<<class org.springframework.web.servlet.view.ViewResolverComposite
postProcessBeforeInitialization>>>>>>>>>>>>>>>>>>>class org.springframework.web.servlet.view.InternalResourceViewResolver
postProcessAfterInitialization<<<<<<<<<<<<<<<<<class org.springframework.web.servlet.view.InternalResourceViewResolver
postProcessBeforeInitialization>>>>>>>>>>>>>>>>>>>class org.springframework.boot.autoconfigure.thymeleaf.ThymeleafAutoConfiguration$ThymeleafWebMvcConfiguration$ThymeleafViewResolverConfiguration
postProcessAfterInitialization<<<<<<<<<<<<<<<<<class org.springframework.boot.autoconfigure.thymeleaf.ThymeleafAutoConfiguration$ThymeleafWebMvcConfiguration$ThymeleafViewResolverConfiguration
postProcessBeforeInitialization>>>>>>>>>>>>>>>>>>>class org.springframework.boot.autoconfigure.thymeleaf.ThymeleafProperties
postProcessAfterInitialization<<<<<<<<<<<<<<<<<class org.springframework.boot.autoconfigure.thymeleaf.ThymeleafProperties
postProcessBeforeInitialization>>>>>>>>>>>>>>>>>>>class org.springframework.boot.autoconfigure.thymeleaf.ThymeleafAutoConfiguration$ThymeleafDefaultConfiguration
postProcessAfterInitialization<<<<<<<<<<<<<<<<<class org.springframework.boot.autoconfigure.thymeleaf.ThymeleafAutoConfiguration$ThymeleafDefaultConfiguration
postProcessBeforeInitialization>>>>>>>>>>>>>>>>>>>class org.springframework.boot.autoconfigure.thymeleaf.ThymeleafAutoConfiguration$DefaultTemplateResolverConfiguration
postProcessAfterInitialization<<<<<<<<<<<<<<<<<class org.springframework.boot.autoconfigure.thymeleaf.ThymeleafAutoConfiguration$DefaultTemplateResolverConfiguration
postProcessBeforeInitialization>>>>>>>>>>>>>>>>>>>class org.thymeleaf.spring5.templateresolver.SpringResourceTemplateResolver
postProcessAfterInitialization<<<<<<<<<<<<<<<<<class org.thymeleaf.spring5.templateresolver.SpringResourceTemplateResolver
postProcessBeforeInitialization>>>>>>>>>>>>>>>>>>>class org.springframework.boot.autoconfigure.thymeleaf.ThymeleafAutoConfiguration$ThymeleafJava8TimeDialect
postProcessAfterInitialization<<<<<<<<<<<<<<<<<class org.springframework.boot.autoconfigure.thymeleaf.ThymeleafAutoConfiguration$ThymeleafJava8TimeDialect
postProcessBeforeInitialization>>>>>>>>>>>>>>>>>>>class org.thymeleaf.extras.java8time.dialect.Java8TimeDialect
postProcessAfterInitialization<<<<<<<<<<<<<<<<<class org.thymeleaf.extras.java8time.dialect.Java8TimeDialect
postProcessBeforeInitialization>>>>>>>>>>>>>>>>>>>class org.thymeleaf.spring5.SpringTemplateEngine
postProcessAfterInitialization<<<<<<<<<<<<<<<<<class org.thymeleaf.spring5.SpringTemplateEngine
postProcessBeforeInitialization>>>>>>>>>>>>>>>>>>>class org.thymeleaf.spring5.view.ThymeleafViewResolver
postProcessAfterInitialization<<<<<<<<<<<<<<<<<class org.thymeleaf.spring5.view.ThymeleafViewResolver
postProcessBeforeInitialization>>>>>>>>>>>>>>>>>>>class org.springframework.web.servlet.view.ContentNegotiatingViewResolver
postProcessAfterInitialization<<<<<<<<<<<<<<<<<class org.springframework.web.servlet.view.ContentNegotiatingViewResolver
postProcessBeforeInitialization>>>>>>>>>>>>>>>>>>>class org.springframework.boot.web.servlet.filter.OrderedRequestContextFilter
postProcessAfterInitialization<<<<<<<<<<<<<<<<<class org.springframework.boot.web.servlet.filter.OrderedRequestContextFilter
postProcessBeforeInitialization>>>>>>>>>>>>>>>>>>>class org.springframework.boot.autoconfigure.web.servlet.WebMvcAutoConfiguration
postProcessAfterInitialization<<<<<<<<<<<<<<<<<class org.springframework.boot.autoconfigure.web.servlet.WebMvcAutoConfiguration
postProcessBeforeInitialization>>>>>>>>>>>>>>>>>>>class org.springframework.boot.web.servlet.filter.OrderedHiddenHttpMethodFilter
postProcessAfterInitialization<<<<<<<<<<<<<<<<<class org.springframework.boot.web.servlet.filter.OrderedHiddenHttpMethodFilter
postProcessBeforeInitialization>>>>>>>>>>>>>>>>>>>class org.springframework.boot.web.servlet.filter.OrderedFormContentFilter
postProcessAfterInitialization<<<<<<<<<<<<<<<<<class org.springframework.boot.web.servlet.filter.OrderedFormContentFilter
postProcessBeforeInitialization>>>>>>>>>>>>>>>>>>>class com.alibaba.druid.support.spring.stat.DruidStatInterceptor
postProcessAfterInitialization<<<<<<<<<<<<<<<<<class com.alibaba.druid.support.spring.stat.DruidStatInterceptor
postProcessBeforeInitialization>>>>>>>>>>>>>>>>>>>class com.alibaba.druid.spring.boot.autoconfigure.stat.DruidWebStatFilterConfiguration
postProcessAfterInitialization<<<<<<<<<<<<<<<<<class com.alibaba.druid.spring.boot.autoconfigure.stat.DruidWebStatFilterConfiguration
postProcessBeforeInitialization>>>>>>>>>>>>>>>>>>>class org.springframework.boot.web.servlet.FilterRegistrationBean
postProcessAfterInitialization<<<<<<<<<<<<<<<<<class org.springframework.boot.web.servlet.FilterRegistrationBean
postProcessBeforeInitialization>>>>>>>>>>>>>>>>>>>class org.springframework.boot.autoconfigure.jdbc.metadata.DataSourcePoolMetadataProvidersConfiguration$HikariPoolDataSourceMetadataProviderConfiguration
postProcessAfterInitialization<<<<<<<<<<<<<<<<<class org.springframework.boot.autoconfigure.jdbc.metadata.DataSourcePoolMetadataProvidersConfiguration$HikariPoolDataSourceMetadataProviderConfiguration
postProcessBeforeInitialization>>>>>>>>>>>>>>>>>>>class org.springframework.boot.autoconfigure.jdbc.metadata.DataSourcePoolMetadataProvidersConfiguration$HikariPoolDataSourceMetadataProviderConfiguration$$Lambda$792/545266875
postProcessAfterInitialization<<<<<<<<<<<<<<<<<class org.springframework.boot.autoconfigure.jdbc.metadata.DataSourcePoolMetadataProvidersConfiguration$HikariPoolDataSourceMetadataProviderConfiguration$$Lambda$792/545266875
postProcessBeforeInitialization>>>>>>>>>>>>>>>>>>>class org.springframework.boot.autoconfigure.jdbc.metadata.DataSourcePoolMetadataProvidersConfiguration
postProcessAfterInitialization<<<<<<<<<<<<<<<<<class org.springframework.boot.autoconfigure.jdbc.metadata.DataSourcePoolMetadataProvidersConfiguration
postProcessBeforeInitialization>>>>>>>>>>>>>>>>>>>class org.springframework.boot.autoconfigure.jdbc.DataSourceInitializationConfiguration
postProcessAfterInitialization<<<<<<<<<<<<<<<<<class org.springframework.boot.autoconfigure.jdbc.DataSourceInitializationConfiguration
postProcessBeforeInitialization>>>>>>>>>>>>>>>>>>>class org.springframework.boot.autoconfigure.jdbc.DataSourceAutoConfiguration
postProcessAfterInitialization<<<<<<<<<<<<<<<<<class org.springframework.boot.autoconfigure.jdbc.DataSourceAutoConfiguration
postProcessBeforeInitialization>>>>>>>>>>>>>>>>>>>class com.baomidou.mybatisplus.autoconfigure.MybatisPlusLanguageDriverAutoConfiguration$$EnhancerBySpringCGLIB$$916fd387
postProcessAfterInitialization<<<<<<<<<<<<<<<<<class com.baomidou.mybatisplus.autoconfigure.MybatisPlusLanguageDriverAutoConfiguration$$EnhancerBySpringCGLIB$$916fd387
postProcessBeforeInitialization>>>>>>>>>>>>>>>>>>>class org.springframework.boot.actuate.autoconfigure.audit.AuditEventsEndpointAutoConfiguration
postProcessAfterInitialization<<<<<<<<<<<<<<<<<class org.springframework.boot.actuate.autoconfigure.audit.AuditEventsEndpointAutoConfiguration
postProcessBeforeInitialization>>>>>>>>>>>>>>>>>>>class org.springframework.boot.autoconfigure.availability.ApplicationAvailabilityAutoConfiguration
postProcessAfterInitialization<<<<<<<<<<<<<<<<<class org.springframework.boot.autoconfigure.availability.ApplicationAvailabilityAutoConfiguration
postProcessBeforeInitialization>>>>>>>>>>>>>>>>>>>class org.springframework.boot.availability.ApplicationAvailabilityBean
postProcessAfterInitialization<<<<<<<<<<<<<<<<<class org.springframework.boot.availability.ApplicationAvailabilityBean
postProcessBeforeInitialization>>>>>>>>>>>>>>>>>>>class org.springframework.boot.actuate.autoconfigure.availability.AvailabilityHealthContributorAutoConfiguration
postProcessAfterInitialization<<<<<<<<<<<<<<<<<class org.springframework.boot.actuate.autoconfigure.availability.AvailabilityHealthContributorAutoConfiguration
postProcessBeforeInitialization>>>>>>>>>>>>>>>>>>>class org.springframework.boot.actuate.autoconfigure.beans.BeansEndpointAutoConfiguration
postProcessAfterInitialization<<<<<<<<<<<<<<<<<class org.springframework.boot.actuate.autoconfigure.beans.BeansEndpointAutoConfiguration
postProcessBeforeInitialization>>>>>>>>>>>>>>>>>>>class org.springframework.boot.actuate.beans.BeansEndpoint
postProcessAfterInitialization<<<<<<<<<<<<<<<<<class org.springframework.boot.actuate.beans.BeansEndpoint
postProcessBeforeInitialization>>>>>>>>>>>>>>>>>>>class org.springframework.boot.actuate.autoconfigure.cache.CachesEndpointAutoConfiguration
postProcessAfterInitialization<<<<<<<<<<<<<<<<<class org.springframework.boot.actuate.autoconfigure.cache.CachesEndpointAutoConfiguration
postProcessBeforeInitialization>>>>>>>>>>>>>>>>>>>class org.springframework.boot.actuate.cache.CachesEndpoint
postProcessAfterInitialization<<<<<<<<<<<<<<<<<class org.springframework.boot.actuate.cache.CachesEndpoint
postProcessBeforeInitialization>>>>>>>>>>>>>>>>>>>class org.springframework.boot.actuate.cache.CachesEndpointWebExtension
postProcessAfterInitialization<<<<<<<<<<<<<<<<<class org.springframework.boot.actuate.cache.CachesEndpointWebExtension
postProcessBeforeInitialization>>>>>>>>>>>>>>>>>>>class org.springframework.boot.actuate.autoconfigure.web.servlet.ServletManagementContextAutoConfiguration
postProcessAfterInitialization<<<<<<<<<<<<<<<<<class org.springframework.boot.actuate.autoconfigure.web.servlet.ServletManagementContextAutoConfiguration
postProcessBeforeInitialization>>>>>>>>>>>>>>>>>>>class org.springframework.boot.actuate.autoconfigure.web.servlet.ServletManagementContextFactory
postProcessAfterInitialization<<<<<<<<<<<<<<<<<class org.springframework.boot.actuate.autoconfigure.web.servlet.ServletManagementContextFactory
postProcessBeforeInitialization>>>>>>>>>>>>>>>>>>>class org.springframework.boot.actuate.autoconfigure.endpoint.web.WebEndpointProperties
postProcessAfterInitialization<<<<<<<<<<<<<<<<<class org.springframework.boot.actuate.autoconfigure.endpoint.web.WebEndpointProperties
postProcessBeforeInitialization>>>>>>>>>>>>>>>>>>>class org.springframework.boot.actuate.autoconfigure.web.servlet.ServletManagementContextAutoConfiguration$$Lambda$793/829985002
postProcessAfterInitialization<<<<<<<<<<<<<<<<<class org.springframework.boot.actuate.autoconfigure.web.servlet.ServletManagementContextAutoConfiguration$$Lambda$793/829985002
postProcessBeforeInitialization>>>>>>>>>>>>>>>>>>>class org.springframework.boot.actuate.autoconfigure.health.LegacyHealthEndpointAdaptersConfiguration
postProcessAfterInitialization<<<<<<<<<<<<<<<<<class org.springframework.boot.actuate.autoconfigure.health.LegacyHealthEndpointAdaptersConfiguration
postProcessBeforeInitialization>>>>>>>>>>>>>>>>>>>class org.springframework.boot.actuate.autoconfigure.health.LegacyHealthEndpointCompatibilityConfiguration
postProcessAfterInitialization<<<<<<<<<<<<<<<<<class org.springframework.boot.actuate.autoconfigure.health.LegacyHealthEndpointCompatibilityConfiguration
postProcessBeforeInitialization>>>>>>>>>>>>>>>>>>>class org.springframework.boot.actuate.autoconfigure.health.HealthIndicatorProperties
postProcessAfterInitialization<<<<<<<<<<<<<<<<<class org.springframework.boot.actuate.autoconfigure.health.HealthIndicatorProperties
postProcessBeforeInitialization>>>>>>>>>>>>>>>>>>>class org.springframework.boot.actuate.health.OrderedHealthAggregator
postProcessAfterInitialization<<<<<<<<<<<<<<<<<class org.springframework.boot.actuate.health.OrderedHealthAggregator
postProcessBeforeInitialization>>>>>>>>>>>>>>>>>>>class org.springframework.boot.actuate.autoconfigure.health.HealthEndpointConfiguration
postProcessAfterInitialization<<<<<<<<<<<<<<<<<class org.springframework.boot.actuate.autoconfigure.health.HealthEndpointConfiguration
postProcessBeforeInitialization>>>>>>>>>>>>>>>>>>>class org.springframework.boot.actuate.autoconfigure.health.HealthEndpointAutoConfiguration
postProcessAfterInitialization<<<<<<<<<<<<<<<<<class org.springframework.boot.actuate.autoconfigure.health.HealthEndpointAutoConfiguration
postProcessBeforeInitialization>>>>>>>>>>>>>>>>>>>class org.springframework.boot.actuate.autoconfigure.health.HealthEndpointProperties
postProcessAfterInitialization<<<<<<<<<<<<<<<<<class org.springframework.boot.actuate.autoconfigure.health.HealthEndpointProperties
postProcessBeforeInitialization>>>>>>>>>>>>>>>>>>>class org.springframework.boot.actuate.health.SimpleStatusAggregator
postProcessAfterInitialization<<<<<<<<<<<<<<<<<class org.springframework.boot.actuate.health.SimpleStatusAggregator
postProcessBeforeInitialization>>>>>>>>>>>>>>>>>>>class org.springframework.boot.actuate.health.SimpleHttpCodeStatusMapper
postProcessAfterInitialization<<<<<<<<<<<<<<<<<class org.springframework.boot.actuate.health.SimpleHttpCodeStatusMapper
postProcessBeforeInitialization>>>>>>>>>>>>>>>>>>>class org.springframework.boot.actuate.autoconfigure.health.AutoConfiguredHealthEndpointGroups
postProcessAfterInitialization<<<<<<<<<<<<<<<<<class org.springframework.boot.actuate.autoconfigure.health.AutoConfiguredHealthEndpointGroups
postProcessBeforeInitialization>>>>>>>>>>>>>>>>>>>class org.springframework.boot.actuate.autoconfigure.system.DiskSpaceHealthContributorAutoConfiguration
postProcessAfterInitialization<<<<<<<<<<<<<<<<<class org.springframework.boot.actuate.autoconfigure.system.DiskSpaceHealthContributorAutoConfiguration
postProcessBeforeInitialization>>>>>>>>>>>>>>>>>>>class org.springframework.boot.actuate.autoconfigure.system.DiskSpaceHealthIndicatorProperties
postProcessAfterInitialization<<<<<<<<<<<<<<<<<class org.springframework.boot.actuate.autoconfigure.system.DiskSpaceHealthIndicatorProperties
postProcessBeforeInitialization>>>>>>>>>>>>>>>>>>>class org.springframework.boot.actuate.system.DiskSpaceHealthIndicator
postProcessAfterInitialization<<<<<<<<<<<<<<<<<class org.springframework.boot.actuate.system.DiskSpaceHealthIndicator
postProcessBeforeInitialization>>>>>>>>>>>>>>>>>>>class org.springframework.boot.actuate.autoconfigure.health.HealthContributorAutoConfiguration
postProcessAfterInitialization<<<<<<<<<<<<<<<<<class org.springframework.boot.actuate.autoconfigure.health.HealthContributorAutoConfiguration
postProcessBeforeInitialization>>>>>>>>>>>>>>>>>>>class org.springframework.boot.actuate.health.PingHealthIndicator
postProcessAfterInitialization<<<<<<<<<<<<<<<<<class org.springframework.boot.actuate.health.PingHealthIndicator
postProcessBeforeInitialization>>>>>>>>>>>>>>>>>>>class org.springframework.boot.actuate.autoconfigure.jdbc.DataSourceHealthContributorAutoConfiguration
postProcessAfterInitialization<<<<<<<<<<<<<<<<<class org.springframework.boot.actuate.autoconfigure.jdbc.DataSourceHealthContributorAutoConfiguration
postProcessBeforeInitialization>>>>>>>>>>>>>>>>>>>class org.springframework.boot.actuate.jdbc.DataSourceHealthIndicator
postProcessAfterInitialization<<<<<<<<<<<<<<<<<class org.springframework.boot.actuate.jdbc.DataSourceHealthIndicator
postProcessBeforeInitialization>>>>>>>>>>>>>>>>>>>class org.springframework.boot.actuate.autoconfigure.health.AutoConfiguredHealthContributorRegistry
postProcessAfterInitialization<<<<<<<<<<<<<<<<<class org.springframework.boot.actuate.autoconfigure.health.AutoConfiguredHealthContributorRegistry
postProcessBeforeInitialization>>>>>>>>>>>>>>>>>>>class org.springframework.boot.actuate.autoconfigure.health.HealthContributorRegistryHealthIndicatorRegistryAdapter
postProcessAfterInitialization<<<<<<<<<<<<<<<<<class org.springframework.boot.actuate.autoconfigure.health.HealthContributorRegistryHealthIndicatorRegistryAdapter
postProcessBeforeInitialization>>>>>>>>>>>>>>>>>>>class org.springframework.boot.actuate.health.HealthEndpoint
postProcessAfterInitialization<<<<<<<<<<<<<<<<<class org.springframework.boot.actuate.health.HealthEndpoint
postProcessBeforeInitialization>>>>>>>>>>>>>>>>>>>class org.springframework.boot.actuate.autoconfigure.health.HealthEndpointWebExtensionConfiguration
postProcessAfterInitialization<<<<<<<<<<<<<<<<<class org.springframework.boot.actuate.autoconfigure.health.HealthEndpointWebExtensionConfiguration
postProcessBeforeInitialization>>>>>>>>>>>>>>>>>>>class org.springframework.boot.actuate.health.HealthEndpointWebExtension
postProcessAfterInitialization<<<<<<<<<<<<<<<<<class org.springframework.boot.actuate.health.HealthEndpointWebExtension
postProcessBeforeInitialization>>>>>>>>>>>>>>>>>>>class org.springframework.boot.autoconfigure.info.ProjectInfoProperties
postProcessAfterInitialization<<<<<<<<<<<<<<<<<class org.springframework.boot.autoconfigure.info.ProjectInfoProperties
postProcessBeforeInitialization>>>>>>>>>>>>>>>>>>>class org.springframework.boot.autoconfigure.info.ProjectInfoAutoConfiguration
postProcessAfterInitialization<<<<<<<<<<<<<<<<<class org.springframework.boot.autoconfigure.info.ProjectInfoAutoConfiguration
postProcessBeforeInitialization>>>>>>>>>>>>>>>>>>>class org.springframework.boot.actuate.autoconfigure.info.InfoContributorAutoConfiguration
postProcessAfterInitialization<<<<<<<<<<<<<<<<<class org.springframework.boot.actuate.autoconfigure.info.InfoContributorAutoConfiguration
postProcessBeforeInitialization>>>>>>>>>>>>>>>>>>>class org.springframework.boot.actuate.info.EnvironmentInfoContributor
postProcessAfterInitialization<<<<<<<<<<<<<<<<<class org.springframework.boot.actuate.info.EnvironmentInfoContributor
postProcessBeforeInitialization>>>>>>>>>>>>>>>>>>>class org.springframework.boot.actuate.autoconfigure.info.InfoContributorProperties
postProcessAfterInitialization<<<<<<<<<<<<<<<<<class org.springframework.boot.actuate.autoconfigure.info.InfoContributorProperties
postProcessBeforeInitialization>>>>>>>>>>>>>>>>>>>class org.springframework.boot.actuate.autoconfigure.info.InfoEndpointAutoConfiguration
postProcessAfterInitialization<<<<<<<<<<<<<<<<<class org.springframework.boot.actuate.autoconfigure.info.InfoEndpointAutoConfiguration
postProcessBeforeInitialization>>>>>>>>>>>>>>>>>>>class org.springframework.boot.actuate.info.InfoEndpoint
postProcessAfterInitialization<<<<<<<<<<<<<<<<<class org.springframework.boot.actuate.info.InfoEndpoint
postProcessBeforeInitialization>>>>>>>>>>>>>>>>>>>class org.springframework.boot.actuate.autoconfigure.condition.ConditionsReportEndpointAutoConfiguration
postProcessAfterInitialization<<<<<<<<<<<<<<<<<class org.springframework.boot.actuate.autoconfigure.condition.ConditionsReportEndpointAutoConfiguration
postProcessBeforeInitialization>>>>>>>>>>>>>>>>>>>class org.springframework.boot.actuate.autoconfigure.condition.ConditionsReportEndpoint
postProcessAfterInitialization<<<<<<<<<<<<<<<<<class org.springframework.boot.actuate.autoconfigure.condition.ConditionsReportEndpoint
postProcessBeforeInitialization>>>>>>>>>>>>>>>>>>>class org.springframework.boot.actuate.autoconfigure.context.ShutdownEndpointAutoConfiguration
postProcessAfterInitialization<<<<<<<<<<<<<<<<<class org.springframework.boot.actuate.autoconfigure.context.ShutdownEndpointAutoConfiguration
postProcessBeforeInitialization>>>>>>>>>>>>>>>>>>>class org.springframework.boot.actuate.context.ShutdownEndpoint
postProcessAfterInitialization<<<<<<<<<<<<<<<<<class org.springframework.boot.actuate.context.ShutdownEndpoint
postProcessBeforeInitialization>>>>>>>>>>>>>>>>>>>class org.springframework.boot.actuate.autoconfigure.context.properties.ConfigurationPropertiesReportEndpointAutoConfiguration
postProcessAfterInitialization<<<<<<<<<<<<<<<<<class org.springframework.boot.actuate.autoconfigure.context.properties.ConfigurationPropertiesReportEndpointAutoConfiguration
postProcessBeforeInitialization>>>>>>>>>>>>>>>>>>>class org.springframework.boot.actuate.autoconfigure.context.properties.ConfigurationPropertiesReportEndpointProperties
postProcessAfterInitialization<<<<<<<<<<<<<<<<<class org.springframework.boot.actuate.autoconfigure.context.properties.ConfigurationPropertiesReportEndpointProperties
postProcessBeforeInitialization>>>>>>>>>>>>>>>>>>>class org.springframework.boot.actuate.context.properties.ConfigurationPropertiesReportEndpoint
postProcessAfterInitialization<<<<<<<<<<<<<<<<<class org.springframework.boot.actuate.context.properties.ConfigurationPropertiesReportEndpoint
postProcessBeforeInitialization>>>>>>>>>>>>>>>>>>>class org.springframework.boot.actuate.autoconfigure.endpoint.EndpointAutoConfiguration
postProcessAfterInitialization<<<<<<<<<<<<<<<<<class org.springframework.boot.actuate.autoconfigure.endpoint.EndpointAutoConfiguration
postProcessBeforeInitialization>>>>>>>>>>>>>>>>>>>class org.springframework.boot.actuate.endpoint.invoke.convert.ConversionServiceParameterValueMapper
postProcessAfterInitialization<<<<<<<<<<<<<<<<<class org.springframework.boot.actuate.endpoint.invoke.convert.ConversionServiceParameterValueMapper
postProcessBeforeInitialization>>>>>>>>>>>>>>>>>>>class org.springframework.boot.actuate.endpoint.invoker.cache.CachingOperationInvokerAdvisor
postProcessAfterInitialization<<<<<<<<<<<<<<<<<class org.springframework.boot.actuate.endpoint.invoker.cache.CachingOperationInvokerAdvisor
postProcessBeforeInitialization>>>>>>>>>>>>>>>>>>>class org.springframework.boot.actuate.autoconfigure.endpoint.web.WebEndpointAutoConfiguration$WebEndpointServletConfiguration
postProcessAfterInitialization<<<<<<<<<<<<<<<<<class org.springframework.boot.actuate.autoconfigure.endpoint.web.WebEndpointAutoConfiguration$WebEndpointServletConfiguration
postProcessBeforeInitialization>>>>>>>>>>>>>>>>>>>class org.springframework.boot.actuate.autoconfigure.endpoint.web.WebEndpointAutoConfiguration
postProcessAfterInitialization<<<<<<<<<<<<<<<<<class org.springframework.boot.actuate.autoconfigure.endpoint.web.WebEndpointAutoConfiguration
postProcessBeforeInitialization>>>>>>>>>>>>>>>>>>>class org.springframework.boot.actuate.autoconfigure.endpoint.web.MappingWebEndpointPathMapper
postProcessAfterInitialization<<<<<<<<<<<<<<<<<class org.springframework.boot.actuate.autoconfigure.endpoint.web.MappingWebEndpointPathMapper
postProcessBeforeInitialization>>>>>>>>>>>>>>>>>>>class org.springframework.boot.actuate.autoconfigure.endpoint.web.ServletEndpointManagementContextConfiguration
postProcessAfterInitialization<<<<<<<<<<<<<<<<<class org.springframework.boot.actuate.autoconfigure.endpoint.web.ServletEndpointManagementContextConfiguration
postProcessBeforeInitialization>>>>>>>>>>>>>>>>>>>class org.springframework.boot.actuate.autoconfigure.endpoint.expose.IncludeExcludeEndpointFilter
postProcessAfterInitialization<<<<<<<<<<<<<<<<<class org.springframework.boot.actuate.autoconfigure.endpoint.expose.IncludeExcludeEndpointFilter
postProcessBeforeInitialization>>>>>>>>>>>>>>>>>>>class org.springframework.boot.actuate.endpoint.web.annotation.ServletEndpointDiscoverer
postProcessAfterInitialization<<<<<<<<<<<<<<<<<class org.springframework.boot.actuate.endpoint.web.annotation.ServletEndpointDiscoverer
postProcessBeforeInitialization>>>>>>>>>>>>>>>>>>>class org.springframework.boot.actuate.endpoint.web.EndpointMediaTypes
postProcessAfterInitialization<<<<<<<<<<<<<<<<<class org.springframework.boot.actuate.endpoint.web.EndpointMediaTypes
postProcessBeforeInitialization>>>>>>>>>>>>>>>>>>>class org.springframework.boot.actuate.autoconfigure.endpoint.expose.IncludeExcludeEndpointFilter
postProcessAfterInitialization<<<<<<<<<<<<<<<<<class org.springframework.boot.actuate.autoconfigure.endpoint.expose.IncludeExcludeEndpointFilter
postProcessBeforeInitialization>>>>>>>>>>>>>>>>>>>class org.springframework.boot.actuate.endpoint.web.annotation.WebEndpointDiscoverer
postProcessAfterInitialization<<<<<<<<<<<<<<<<<class org.springframework.boot.actuate.endpoint.web.annotation.WebEndpointDiscoverer
postProcessBeforeInitialization>>>>>>>>>>>>>>>>>>>class org.springframework.boot.actuate.autoconfigure.endpoint.expose.IncludeExcludeEndpointFilter
postProcessAfterInitialization<<<<<<<<<<<<<<<<<class org.springframework.boot.actuate.autoconfigure.endpoint.expose.IncludeExcludeEndpointFilter
postProcessBeforeInitialization>>>>>>>>>>>>>>>>>>>class org.springframework.boot.actuate.endpoint.web.annotation.ControllerEndpointDiscoverer
postProcessAfterInitialization<<<<<<<<<<<<<<<<<class org.springframework.boot.actuate.endpoint.web.annotation.ControllerEndpointDiscoverer
postProcessBeforeInitialization>>>>>>>>>>>>>>>>>>>class org.springframework.boot.actuate.autoconfigure.env.EnvironmentEndpointAutoConfiguration
postProcessAfterInitialization<<<<<<<<<<<<<<<<<class org.springframework.boot.actuate.autoconfigure.env.EnvironmentEndpointAutoConfiguration
postProcessBeforeInitialization>>>>>>>>>>>>>>>>>>>class org.springframework.boot.actuate.autoconfigure.env.EnvironmentEndpointProperties
postProcessAfterInitialization<<<<<<<<<<<<<<<<<class org.springframework.boot.actuate.autoconfigure.env.EnvironmentEndpointProperties
postProcessBeforeInitialization>>>>>>>>>>>>>>>>>>>class org.springframework.boot.actuate.env.EnvironmentEndpoint
postProcessAfterInitialization<<<<<<<<<<<<<<<<<class org.springframework.boot.actuate.env.EnvironmentEndpoint
postProcessBeforeInitialization>>>>>>>>>>>>>>>>>>>class org.springframework.boot.actuate.env.EnvironmentEndpointWebExtension
postProcessAfterInitialization<<<<<<<<<<<<<<<<<class org.springframework.boot.actuate.env.EnvironmentEndpointWebExtension
postProcessBeforeInitialization>>>>>>>>>>>>>>>>>>>class org.springframework.boot.actuate.autoconfigure.logging.LoggersEndpointAutoConfiguration
postProcessAfterInitialization<<<<<<<<<<<<<<<<<class org.springframework.boot.actuate.autoconfigure.logging.LoggersEndpointAutoConfiguration
postProcessBeforeInitialization>>>>>>>>>>>>>>>>>>>class org.springframework.boot.actuate.logging.LoggersEndpoint
postProcessAfterInitialization<<<<<<<<<<<<<<<<<class org.springframework.boot.actuate.logging.LoggersEndpoint
postProcessBeforeInitialization>>>>>>>>>>>>>>>>>>>class org.springframework.boot.actuate.autoconfigure.management.HeapDumpWebEndpointAutoConfiguration
postProcessAfterInitialization<<<<<<<<<<<<<<<<<class org.springframework.boot.actuate.autoconfigure.management.HeapDumpWebEndpointAutoConfiguration
postProcessBeforeInitialization>>>>>>>>>>>>>>>>>>>class org.springframework.boot.actuate.management.HeapDumpWebEndpoint
postProcessAfterInitialization<<<<<<<<<<<<<<<<<class org.springframework.boot.actuate.management.HeapDumpWebEndpoint
postProcessBeforeInitialization>>>>>>>>>>>>>>>>>>>class org.springframework.boot.actuate.autoconfigure.management.ThreadDumpEndpointAutoConfiguration
postProcessAfterInitialization<<<<<<<<<<<<<<<<<class org.springframework.boot.actuate.autoconfigure.management.ThreadDumpEndpointAutoConfiguration
postProcessBeforeInitialization>>>>>>>>>>>>>>>>>>>class org.springframework.boot.actuate.management.ThreadDumpEndpoint
postProcessAfterInitialization<<<<<<<<<<<<<<<<<class org.springframework.boot.actuate.management.ThreadDumpEndpoint
postProcessBeforeInitialization>>>>>>>>>>>>>>>>>>>class org.springframework.boot.actuate.autoconfigure.metrics.MetricsEndpointAutoConfiguration
postProcessAfterInitialization<<<<<<<<<<<<<<<<<class org.springframework.boot.actuate.autoconfigure.metrics.MetricsEndpointAutoConfiguration
postProcessBeforeInitialization>>>>>>>>>>>>>>>>>>>class org.springframework.boot.actuate.metrics.MetricsEndpoint
postProcessAfterInitialization<<<<<<<<<<<<<<<<<class org.springframework.boot.actuate.metrics.MetricsEndpoint
postProcessBeforeInitialization>>>>>>>>>>>>>>>>>>>class org.springframework.boot.actuate.autoconfigure.scheduling.ScheduledTasksEndpointAutoConfiguration
postProcessAfterInitialization<<<<<<<<<<<<<<<<<class org.springframework.boot.actuate.autoconfigure.scheduling.ScheduledTasksEndpointAutoConfiguration
postProcessBeforeInitialization>>>>>>>>>>>>>>>>>>>class org.springframework.boot.actuate.scheduling.ScheduledTasksEndpoint
postProcessAfterInitialization<<<<<<<<<<<<<<<<<class org.springframework.boot.actuate.scheduling.ScheduledTasksEndpoint
postProcessBeforeInitialization>>>>>>>>>>>>>>>>>>>class org.springframework.boot.actuate.autoconfigure.web.mappings.MappingsEndpointAutoConfiguration
postProcessAfterInitialization<<<<<<<<<<<<<<<<<class org.springframework.boot.actuate.autoconfigure.web.mappings.MappingsEndpointAutoConfiguration
postProcessBeforeInitialization>>>>>>>>>>>>>>>>>>>class org.springframework.boot.actuate.autoconfigure.web.mappings.MappingsEndpointAutoConfiguration$ServletWebConfiguration$SpringMvcConfiguration
postProcessAfterInitialization<<<<<<<<<<<<<<<<<class org.springframework.boot.actuate.autoconfigure.web.mappings.MappingsEndpointAutoConfiguration$ServletWebConfiguration$SpringMvcConfiguration
postProcessBeforeInitialization>>>>>>>>>>>>>>>>>>>class org.springframework.boot.actuate.web.mappings.servlet.DispatcherServletsMappingDescriptionProvider
postProcessAfterInitialization<<<<<<<<<<<<<<<<<class org.springframework.boot.actuate.web.mappings.servlet.DispatcherServletsMappingDescriptionProvider
postProcessBeforeInitialization>>>>>>>>>>>>>>>>>>>class org.springframework.boot.actuate.autoconfigure.web.mappings.MappingsEndpointAutoConfiguration$ServletWebConfiguration
postProcessAfterInitialization<<<<<<<<<<<<<<<<<class org.springframework.boot.actuate.autoconfigure.web.mappings.MappingsEndpointAutoConfiguration$ServletWebConfiguration
postProcessBeforeInitialization>>>>>>>>>>>>>>>>>>>class org.springframework.boot.actuate.web.mappings.servlet.ServletsMappingDescriptionProvider
postProcessAfterInitialization<<<<<<<<<<<<<<<<<class org.springframework.boot.actuate.web.mappings.servlet.ServletsMappingDescriptionProvider
postProcessBeforeInitialization>>>>>>>>>>>>>>>>>>>class org.springframework.boot.actuate.web.mappings.servlet.FiltersMappingDescriptionProvider
postProcessAfterInitialization<<<<<<<<<<<<<<<<<class org.springframework.boot.actuate.web.mappings.servlet.FiltersMappingDescriptionProvider
postProcessBeforeInitialization>>>>>>>>>>>>>>>>>>>class org.springframework.boot.actuate.web.mappings.MappingsEndpoint
postProcessAfterInitialization<<<<<<<<<<<<<<<<<class org.springframework.boot.actuate.web.mappings.MappingsEndpoint
postProcessBeforeInitialization>>>>>>>>>>>>>>>>>>>class org.springframework.boot.actuate.endpoint.web.PathMappedEndpoints
postProcessAfterInitialization<<<<<<<<<<<<<<<<<class org.springframework.boot.actuate.endpoint.web.PathMappedEndpoints
postProcessBeforeInitialization>>>>>>>>>>>>>>>>>>>class org.springframework.boot.actuate.autoconfigure.logging.LogFileWebEndpointAutoConfiguration
postProcessAfterInitialization<<<<<<<<<<<<<<<<<class org.springframework.boot.actuate.autoconfigure.logging.LogFileWebEndpointAutoConfiguration
postProcessBeforeInitialization>>>>>>>>>>>>>>>>>>>class org.springframework.boot.actuate.autoconfigure.logging.LogFileWebEndpointProperties
[...]
MyApplicationListener onApplicationEvent-----------startorg.springframework.boot.context.event.ApplicationStartedEvent[source=org.springframework.boot.SpringApplication@2e570ded]
CustomServiceImplorg.springframework.boot.availability.AvailabilityChangeEvent[source=org.springframework.web.context.support.GenericWebApplicationContext@1c32386d, started on Thu Jan 21 11:23:06 CST 2021]
MyApplicationListener onApplicationEvent-----------startorg.springframework.boot.availability.AvailabilityChangeEvent[source=org.springframework.web.context.support.GenericWebApplicationContext@1c32386d, started on Thu Jan 21 11:23:06 CST 2021]
MySpringApplicationRunListener stared-------
MyApplicationRunner run-----------------------args:org.springframework.boot.DefaultApplicationArguments@421d54b3
MyCommandLineRunner ---------run->>>>>>>>>
CustomServiceImplorg.springframework.boot.context.event.ApplicationReadyEvent[source=org.springframework.boot.SpringApplication@2e570ded]
MyApplicationListener onApplicationEvent-----------startorg.springframework.boot.context.event.ApplicationReadyEvent[source=org.springframework.boot.SpringApplication@2e570ded]
CustomServiceImplorg.springframework.boot.availability.AvailabilityChangeEvent[source=org.springframework.web.context.support.GenericWebApplicationContext@1c32386d, started on Thu Jan 21 11:23:06 CST 2021]
MyApplicationListener onApplicationEvent-----------startorg.springframework.boot.availability.AvailabilityChangeEvent[source=org.springframework.web.context.support.GenericWebApplicationContext@1c32386d, started on Thu Jan 21 11:23:06 CST 2021]
MySpringApplicationRunListener running-------
postProcessBeforeInitialization>>>>>>>>>>>>>>>>>>>class com.phoenixhell.test.AopTest
postProcessAfterInitialization<<<<<<<<<<<<<<<<<class com.phoenixhell.test.AopTest
CustomServiceImplorg.springframework.test.context.event.PrepareTestInstanceEvent[source=[DefaultTestContext@16eb3ea3 testClass = AopTest, testInstance = com.phoenixhell.test.AopTest@644a3add, testMethod = [null], testException = [null], mergedContextConfiguration = [WebMergedContextConfiguration@273444fe testClass = AopTest, locations = '{}', classes = '{class com.phoenixhell.boot.MainApplication, class com.phoenixhell.boot.MainApplication}', contextInitializerClasses = '[]', activeProfiles = '{}', propertySourceLocations = '{}', propertySourceProperties = '{org.springframework.boot.test.context.SpringBootTestContextBootstrapper=true}', contextCustomizers = set[org.springframework.boot.test.context.filter.ExcludeFilterContextCustomizer@3349e9bb, org.springframework.boot.test.json.DuplicateJsonObjectContextCustomizerFactory$DuplicateJsonObjectContextCustomizer@49e53c76, org.springframework.boot.test.mock.mockito.MockitoContextCustomizer@0, org.springframework.boot.test.web.client.TestRestTemplateContextCustomizer@1aafa419, org.springframework.boot.test.autoconfigure.properties.PropertyMappingContextCustomizer@0, org.springframework.boot.test.autoconfigure.web.servlet.WebDriverContextCustomizerFactory$Customizer@6771beb3, org.springframework.boot.test.context.SpringBootTestArgs@1], resourceBasePath = 'src/main/webapp', contextLoader = 'org.springframework.boot.test.context.SpringBootContextLoader', parent = [null]], attributes = map['org.springframework.test.context.web.ServletTestExecutionListener.activateListener' -> true, 'org.springframework.test.context.web.ServletTestExecutionListener.populatedRequestContextHolder' -> true, 'org.springframework.test.context.web.ServletTestExecutionListener.resetRequestContextHolder' -> true]]]
MyApplicationListener onApplicationEvent-----------startorg.springframework.test.context.event.PrepareTestInstanceEvent[source=[DefaultTestContext@16eb3ea3 testClass = AopTest, testInstance = com.phoenixhell.test.AopTest@644a3add, testMethod = [null], testException = [null], mergedContextConfiguration = [WebMergedContextConfiguration@273444fe testClass = AopTest, locations = '{}', classes = '{class com.phoenixhell.boot.MainApplication, class com.phoenixhell.boot.MainApplication}', contextInitializerClasses = '[]', activeProfiles = '{}', propertySourceLocations = '{}', propertySourceProperties = '{org.springframework.boot.test.context.SpringBootTestContextBootstrapper=true}', contextCustomizers = set[org.springframework.boot.test.context.filter.ExcludeFilterContextCustomizer@3349e9bb, org.springframework.boot.test.json.DuplicateJsonObjectContextCustomizerFactory$DuplicateJsonObjectContextCustomizer@49e53c76, org.springframework.boot.test.mock.mockito.MockitoContextCustomizer@0, org.springframework.boot.test.web.client.TestRestTemplateContextCustomizer@1aafa419, org.springframework.boot.test.autoconfigure.properties.PropertyMappingContextCustomizer@0, org.springframework.boot.test.autoconfigure.web.servlet.WebDriverContextCustomizerFactory$Customizer@6771beb3, org.springframework.boot.test.context.SpringBootTestArgs@1], resourceBasePath = 'src/main/webapp', contextLoader = 'org.springframework.boot.test.context.SpringBootContextLoader', parent = [null]], attributes = map['org.springframework.test.context.web.ServletTestExecutionListener.activateListener' -> true, 'org.springframework.test.context.web.ServletTestExecutionListener.populatedRequestContextHolder' -> true, 'org.springframework.test.context.web.ServletTestExecutionListener.resetRequestContextHolder' -> true]]]
CustomServiceImplorg.springframework.test.context.event.BeforeTestMethodEvent[source=[DefaultTestContext@16eb3ea3 testClass = AopTest, testInstance = com.phoenixhell.test.AopTest@644a3add, testMethod = test1@AopTest, testException = [null], mergedContextConfiguration = [WebMergedContextConfiguration@273444fe testClass = AopTest, locations = '{}', classes = '{class com.phoenixhell.boot.MainApplication, class com.phoenixhell.boot.MainApplication}', contextInitializerClasses = '[]', activeProfiles = '{}', propertySourceLocations = '{}', propertySourceProperties = '{org.springframework.boot.test.context.SpringBootTestContextBootstrapper=true}', contextCustomizers = set[org.springframework.boot.test.context.filter.ExcludeFilterContextCustomizer@3349e9bb, org.springframework.boot.test.json.DuplicateJsonObjectContextCustomizerFactory$DuplicateJsonObjectContextCustomizer@49e53c76, org.springframework.boot.test.mock.mockito.MockitoContextCustomizer@0, org.springframework.boot.test.web.client.TestRestTemplateContextCustomizer@1aafa419, org.springframework.boot.test.autoconfigure.properties.PropertyMappingContextCustomizer@0, org.springframework.boot.test.autoconfigure.web.servlet.WebDriverContextCustomizerFactory$Customizer@6771beb3, org.springframework.boot.test.context.SpringBootTestArgs@1], resourceBasePath = 'src/main/webapp', contextLoader = 'org.springframework.boot.test.context.SpringBootContextLoader', parent = [null]], attributes = map['org.springframework.test.context.web.ServletTestExecutionListener.activateListener' -> true, 'org.springframework.test.context.web.ServletTestExecutionListener.populatedRequestContextHolder' -> true, 'org.springframework.test.context.web.ServletTestExecutionListener.resetRequestContextHolder' -> true]]]
MyApplicationListener onApplicationEvent-----------startorg.springframework.test.context.event.BeforeTestMethodEvent[source=[DefaultTestContext@16eb3ea3 testClass = AopTest, testInstance = com.phoenixhell.test.AopTest@644a3add, testMethod = test1@AopTest, testException = [null], mergedContextConfiguration = [WebMergedContextConfiguration@273444fe testClass = AopTest, locations = '{}', classes = '{class com.phoenixhell.boot.MainApplication, class com.phoenixhell.boot.MainApplication}', contextInitializerClasses = '[]', activeProfiles = '{}', propertySourceLocations = '{}', propertySourceProperties = '{org.springframework.boot.test.context.SpringBootTestContextBootstrapper=true}', contextCustomizers = set[org.springframework.boot.test.context.filter.ExcludeFilterContextCustomizer@3349e9bb, org.springframework.boot.test.json.DuplicateJsonObjectContextCustomizerFactory$DuplicateJsonObjectContextCustomizer@49e53c76, org.springframework.boot.test.mock.mockito.MockitoContextCustomizer@0, org.springframework.boot.test.web.client.TestRestTemplateContextCustomizer@1aafa419, org.springframework.boot.test.autoconfigure.properties.PropertyMappingContextCustomizer@0, org.springframework.boot.test.autoconfigure.web.servlet.WebDriverContextCustomizerFactory$Customizer@6771beb3, org.springframework.boot.test.context.SpringBootTestArgs@1], resourceBasePath = 'src/main/webapp', contextLoader = 'org.springframework.boot.test.context.SpringBootContextLoader', parent = [null]], attributes = map['org.springframework.test.context.web.ServletTestExecutionListener.activateListener' -> true, 'org.springframework.test.context.web.ServletTestExecutionListener.populatedRequestContextHolder' -> true, 'org.springframework.test.context.web.ServletTestExecutionListener.resetRequestContextHolder' -> true]]]
CustomServiceImplorg.springframework.test.context.event.BeforeTestExecutionEvent[source=[DefaultTestContext@16eb3ea3 testClass = AopTest, testInstance = com.phoenixhell.test.AopTest@644a3add, testMethod = test1@AopTest, testException = [null], mergedContextConfiguration = [WebMergedContextConfiguration@273444fe testClass = AopTest, locations = '{}', classes = '{class com.phoenixhell.boot.MainApplication, class com.phoenixhell.boot.MainApplication}', contextInitializerClasses = '[]', activeProfiles = '{}', propertySourceLocations = '{}', propertySourceProperties = '{org.springframework.boot.test.context.SpringBootTestContextBootstrapper=true}', contextCustomizers = set[org.springframework.boot.test.context.filter.ExcludeFilterContextCustomizer@3349e9bb, org.springframework.boot.test.json.DuplicateJsonObjectContextCustomizerFactory$DuplicateJsonObjectContextCustomizer@49e53c76, org.springframework.boot.test.mock.mockito.MockitoContextCustomizer@0, org.springframework.boot.test.web.client.TestRestTemplateContextCustomizer@1aafa419, org.springframework.boot.test.autoconfigure.properties.PropertyMappingContextCustomizer@0, org.springframework.boot.test.autoconfigure.web.servlet.WebDriverContextCustomizerFactory$Customizer@6771beb3, org.springframework.boot.test.context.SpringBootTestArgs@1], resourceBasePath = 'src/main/webapp', contextLoader = 'org.springframework.boot.test.context.SpringBootContextLoader', parent = [null]], attributes = map['org.springframework.test.context.web.ServletTestExecutionListener.activateListener' -> true, 'org.springframework.test.context.web.ServletTestExecutionListener.populatedRequestContextHolder' -> true, 'org.springframework.test.context.web.ServletTestExecutionListener.resetRequestContextHolder' -> true]]]
MyApplicationListener onApplicationEvent-----------startorg.springframework.test.context.event.BeforeTestExecutionEvent[source=[DefaultTestContext@16eb3ea3 testClass = AopTest, testInstance = com.phoenixhell.test.AopTest@644a3add, testMethod = test1@AopTest, testException = [null], mergedContextConfiguration = [WebMergedContextConfiguration@273444fe testClass = AopTest, locations = '{}', classes = '{class com.phoenixhell.boot.MainApplication, class com.phoenixhell.boot.MainApplication}', contextInitializerClasses = '[]', activeProfiles = '{}', propertySourceLocations = '{}', propertySourceProperties = '{org.springframework.boot.test.context.SpringBootTestContextBootstrapper=true}', contextCustomizers = set[org.springframework.boot.test.context.filter.ExcludeFilterContextCustomizer@3349e9bb, org.springframework.boot.test.json.DuplicateJsonObjectContextCustomizerFactory$DuplicateJsonObjectContextCustomizer@49e53c76, org.springframework.boot.test.mock.mockito.MockitoContextCustomizer@0, org.springframework.boot.test.web.client.TestRestTemplateContextCustomizer@1aafa419, org.springframework.boot.test.autoconfigure.properties.PropertyMappingContextCustomizer@0, org.springframework.boot.test.autoconfigure.web.servlet.WebDriverContextCustomizerFactory$Customizer@6771beb3, org.springframework.boot.test.context.SpringBootTestArgs@1], resourceBasePath = 'src/main/webapp', contextLoader = 'org.springframework.boot.test.context.SpringBootContextLoader', parent = [null]], attributes = map['org.springframework.test.context.web.ServletTestExecutionListener.activateListener' -> true, 'org.springframework.test.context.web.ServletTestExecutionListener.populatedRequestContextHolder' -> true, 'org.springframework.test.context.web.ServletTestExecutionListener.resetRequestContextHolder' -> true]]]
除法div开始 参数列表是[2, 0]
除法div异常 参数列表是[2, 0] 异常报告java.lang.ArithmeticException: / by zero
除法div结束 参数列表是[2, 0]
CustomServiceImplorg.springframework.test.context.event.AfterTestExecutionEvent[source=[DefaultTestContext@16eb3ea3 testClass = AopTest, testInstance = com.phoenixhell.test.AopTest@644a3add, testMethod = test1@AopTest, testException = java.lang.ArithmeticException: / by zero, mergedContextConfiguration = [WebMergedContextConfiguration@273444fe testClass = AopTest, locations = '{}', classes = '{class com.phoenixhell.boot.MainApplication, class com.phoenixhell.boot.MainApplication}', contextInitializerClasses = '[]', activeProfiles = '{}', propertySourceLocations = '{}', propertySourceProperties = '{org.springframework.boot.test.context.SpringBootTestContextBootstrapper=true}', contextCustomizers = set[org.springframework.boot.test.context.filter.ExcludeFilterContextCustomizer@3349e9bb, org.springframework.boot.test.json.DuplicateJsonObjectContextCustomizerFactory$DuplicateJsonObjectContextCustomizer@49e53c76, org.springframework.boot.test.mock.mockito.MockitoContextCustomizer@0, org.springframework.boot.test.web.client.TestRestTemplateContextCustomizer@1aafa419, org.springframework.boot.test.autoconfigure.properties.PropertyMappingContextCustomizer@0, org.springframework.boot.test.autoconfigure.web.servlet.WebDriverContextCustomizerFactory$Customizer@6771beb3, org.springframework.boot.test.context.SpringBootTestArgs@1], resourceBasePath = 'src/main/webapp', contextLoader = 'org.springframework.boot.test.context.SpringBootContextLoader', parent = [null]], attributes = map['org.springframework.test.context.web.ServletTestExecutionListener.activateListener' -> true, 'org.springframework.test.context.web.ServletTestExecutionListener.populatedRequestContextHolder' -> true, 'org.springframework.test.context.web.ServletTestExecutionListener.resetRequestContextHolder' -> true]]]
MyApplicationListener onApplicationEvent-----------startorg.springframework.test.context.event.AfterTestExecutionEvent[source=[DefaultTestContext@16eb3ea3 testClass = AopTest, testInstance = com.phoenixhell.test.AopTest@644a3add, testMethod = test1@AopTest, testException = java.lang.ArithmeticException: / by zero, mergedContextConfiguration = [WebMergedContextConfiguration@273444fe testClass = AopTest, locations = '{}', classes = '{class com.phoenixhell.boot.MainApplication, class com.phoenixhell.boot.MainApplication}', contextInitializerClasses = '[]', activeProfiles = '{}', propertySourceLocations = '{}', propertySourceProperties = '{org.springframework.boot.test.context.SpringBootTestContextBootstrapper=true}', contextCustomizers = set[org.springframework.boot.test.context.filter.ExcludeFilterContextCustomizer@3349e9bb, org.springframework.boot.test.json.DuplicateJsonObjectContextCustomizerFactory$DuplicateJsonObjectContextCustomizer@49e53c76, org.springframework.boot.test.mock.mockito.MockitoContextCustomizer@0, org.springframework.boot.test.web.client.TestRestTemplateContextCustomizer@1aafa419, org.springframework.boot.test.autoconfigure.properties.PropertyMappingContextCustomizer@0, org.springframework.boot.test.autoconfigure.web.servlet.WebDriverContextCustomizerFactory$Customizer@6771beb3, org.springframework.boot.test.context.SpringBootTestArgs@1], resourceBasePath = 'src/main/webapp', contextLoader = 'org.springframework.boot.test.context.SpringBootContextLoader', parent = [null]], attributes = map['org.springframework.test.context.web.ServletTestExecutionListener.activateListener' -> true, 'org.springframework.test.context.web.ServletTestExecutionListener.populatedRequestContextHolder' -> true, 'org.springframework.test.context.web.ServletTestExecutionListener.resetRequestContextHolder' -> true]]]
CustomServiceImplorg.springframework.test.context.event.AfterTestMethodEvent[source=[DefaultTestContext@16eb3ea3 testClass = AopTest, testInstance = com.phoenixhell.test.AopTest@644a3add, testMethod = test1@AopTest, testException = java.lang.ArithmeticException: / by zero, mergedContextConfiguration = [WebMergedContextConfiguration@273444fe testClass = AopTest, locations = '{}', classes = '{class com.phoenixhell.boot.MainApplication, class com.phoenixhell.boot.MainApplication}', contextInitializerClasses = '[]', activeProfiles = '{}', propertySourceLocations = '{}', propertySourceProperties = '{org.springframework.boot.test.context.SpringBootTestContextBootstrapper=true}', contextCustomizers = set[org.springframework.boot.test.context.filter.ExcludeFilterContextCustomizer@3349e9bb, org.springframework.boot.test.json.DuplicateJsonObjectContextCustomizerFactory$DuplicateJsonObjectContextCustomizer@49e53c76, org.springframework.boot.test.mock.mockito.MockitoContextCustomizer@0, org.springframework.boot.test.web.client.TestRestTemplateContextCustomizer@1aafa419, org.springframework.boot.test.autoconfigure.properties.PropertyMappingContextCustomizer@0, org.springframework.boot.test.autoconfigure.web.servlet.WebDriverContextCustomizerFactory$Customizer@6771beb3, org.springframework.boot.test.context.SpringBootTestArgs@1], resourceBasePath = 'src/main/webapp', contextLoader = 'org.springframework.boot.test.context.SpringBootContextLoader', parent = [null]], attributes = map['org.springframework.test.context.web.ServletTestExecutionListener.activateListener' -> true, 'org.springframework.test.context.web.ServletTestExecutionListener.populatedRequestContextHolder' -> true, 'org.springframework.test.context.web.ServletTestExecutionListener.resetRequestContextHolder' -> true]]]
MyApplicationListener onApplicationEvent-----------startorg.springframework.test.context.event.AfterTestMethodEvent[source=[DefaultTestContext@16eb3ea3 testClass = AopTest, testInstance = com.phoenixhell.test.AopTest@644a3add, testMethod = test1@AopTest, testException = java.lang.ArithmeticException: / by zero, mergedContextConfiguration = [WebMergedContextConfiguration@273444fe testClass = AopTest, locations = '{}', classes = '{class com.phoenixhell.boot.MainApplication, class com.phoenixhell.boot.MainApplication}', contextInitializerClasses = '[]', activeProfiles = '{}', propertySourceLocations = '{}', propertySourceProperties = '{org.springframework.boot.test.context.SpringBootTestContextBootstrapper=true}', contextCustomizers = set[org.springframework.boot.test.context.filter.ExcludeFilterContextCustomizer@3349e9bb, org.springframework.boot.test.json.DuplicateJsonObjectContextCustomizerFactory$DuplicateJsonObjectContextCustomizer@49e53c76, org.springframework.boot.test.mock.mockito.MockitoContextCustomizer@0, org.springframework.boot.test.web.client.TestRestTemplateContextCustomizer@1aafa419, org.springframework.boot.test.autoconfigure.properties.PropertyMappingContextCustomizer@0, org.springframework.boot.test.autoconfigure.web.servlet.WebDriverContextCustomizerFactory$Customizer@6771beb3, org.springframework.boot.test.context.SpringBootTestArgs@1], resourceBasePath = 'src/main/webapp', contextLoader = 'org.springframework.boot.test.context.SpringBootContextLoader', parent = [null]], attributes = map['org.springframework.test.context.web.ServletTestExecutionListener.activateListener' -> true, 'org.springframework.test.context.web.ServletTestExecutionListener.populatedRequestContextHolder' -> true, 'org.springframework.test.context.web.ServletTestExecutionListener.resetRequestContextHolder' -> true]]]
]]></system-out>
  </testcase>
</testsuite>